12/04/2024 16:50:16.010 -06:00  [DBG]  Initializing Razor view compiler with compiled view: '/Pages/Error.cshtml'.
12/04/2024 16:50:16.075 -06:00  [DBG]  Registered model binder providers, in the following order: ["Microsoft.AspNetCore.Mvc.ModelBinding.Binders.BinderTypeModelBinderProvider","Microsoft.AspNetCore.Mvc.ModelBinding.Binders.ServicesModelBinderProvider","Microsoft.AspNetCore.Mvc.ModelBinding.Binders.BodyModelBinderProvider","Microsoft.AspNetCore.Mvc.ModelBinding.Binders.HeaderModelBinderProvider","Microsoft.AspNetCore.Mvc.ModelBinding.Binders.FloatingPointTypeModelBinderProvider","Microsoft.AspNetCore.Mvc.ModelBinding.Binders.EnumTypeModelBinderProvider","Microsoft.AspNetCore.Mvc.ModelBinding.Binders.DateTimeModelBinderProvider","Microsoft.AspNetCore.Mvc.ModelBinding.Binders.SimpleTypeModelBinderProvider","Microsoft.AspNetCore.Mvc.ModelBinding.Binders.TryParseModelBinderProvider","Microsoft.AspNetCore.Mvc.ModelBinding.Binders.CancellationTokenModelBinderProvider","Microsoft.AspNetCore.Mvc.ModelBinding.Binders.ByteArrayModelBinderProvider","Microsoft.AspNetCore.Mvc.ModelBinding.Binders.FormFileModelBinderProvider","Microsoft.AspNetCore.Mvc.ModelBinding.Binders.FormCollectionModelBinderProvider","Microsoft.AspNetCore.Mvc.ModelBinding.Binders.KeyValuePairModelBinderProvider","Microsoft.AspNetCore.Mvc.ModelBinding.Binders.DictionaryModelBinderProvider","Microsoft.AspNetCore.Mvc.ModelBinding.Binders.ArrayModelBinderProvider","Microsoft.AspNetCore.Mvc.ModelBinding.Binders.CollectionModelBinderProvider","Microsoft.AspNetCore.Mvc.ModelBinding.Binders.ComplexObjectModelBinderProvider"]
12/04/2024 16:50:16.148 -06:00  [INF]  User profile is available. Using 'C:\Users\victo\AppData\Local\ASP.NET\DataProtection-Keys' as key repository and Windows DPAPI to encrypt keys at rest.
12/04/2024 16:50:16.403 -06:00  [DBG]  Hosting starting
12/04/2024 16:50:16.416 -06:00  [DBG]  Reading data from file 'C:\Users\victo\AppData\Local\ASP.NET\DataProtection-Keys\key-a413137d-403c-4882-9c93-1d4cfa61dd31.xml'.
12/04/2024 16:50:16.429 -06:00  [DBG]  Found key {a413137d-403c-4882-9c93-1d4cfa61dd31}.
12/04/2024 16:50:16.449 -06:00  [DBG]  Considering key {a413137d-403c-4882-9c93-1d4cfa61dd31} with expiration date 2024-05-07 16:48:47Z as default key.
12/04/2024 16:50:16.461 -06:00  [DBG]  Forwarded activator type request from Microsoft.AspNetCore.DataProtection.XmlEncryption.DpapiXmlDecryptor, Microsoft.AspNetCore.DataProtection, Version=8.0.0.0, Culture=neutral, PublicKeyToken=adb9793829ddae60 to Microsoft.AspNetCore.DataProtection.XmlEncryption.DpapiXmlDecryptor, Microsoft.AspNetCore.DataProtection, Culture=neutral, PublicKeyToken=adb9793829ddae60
12/04/2024 16:50:16.475 -06:00  [DBG]  Decrypting secret element using Windows DPAPI.
12/04/2024 16:50:16.479 -06:00  [DBG]  Forwarded activator type request from Microsoft.AspNetCore.DataProtection.AuthenticatedEncryption.ConfigurationModel.AuthenticatedEncryptorDescriptorDeserializer, Microsoft.AspNetCore.DataProtection, Version=8.0.0.0, Culture=neutral, PublicKeyToken=adb9793829ddae60 to Microsoft.AspNetCore.DataProtection.AuthenticatedEncryption.ConfigurationModel.AuthenticatedEncryptorDescriptorDeserializer, Microsoft.AspNetCore.DataProtection, Culture=neutral, PublicKeyToken=adb9793829ddae60
12/04/2024 16:50:16.492 -06:00  [DBG]  Opening CNG algorithm 'AES' from provider 'null' with chaining mode CBC.
12/04/2024 16:50:16.496 -06:00  [DBG]  Opening CNG algorithm 'SHA256' from provider 'null' with HMAC.
12/04/2024 16:50:16.503 -06:00  [DBG]  Using key {a413137d-403c-4882-9c93-1d4cfa61dd31} as the default key.
12/04/2024 16:50:16.506 -06:00  [DBG]  Key ring with default key {a413137d-403c-4882-9c93-1d4cfa61dd31} was loaded during application startup.
12/04/2024 16:50:16.907 -06:00  [INF]  Now listening on: https://localhost:7173
12/04/2024 16:50:16.921 -06:00  [INF]  Now listening on: http://localhost:5062
12/04/2024 16:50:16.923 -06:00  [DBG]  Loaded hosting startup assembly SorteoEstacionamientos.Server
12/04/2024 16:50:16.924 -06:00  [DBG]  Loaded hosting startup assembly Microsoft.AspNetCore.Watch.BrowserRefresh
12/04/2024 16:50:16.925 -06:00  [DBG]  Loaded hosting startup assembly Microsoft.WebTools.BrowserLink.Net
12/04/2024 16:50:16.927 -06:00  [INF]  Application started. Press Ctrl+C to shut down.
12/04/2024 16:50:16.928 -06:00  [INF]  Hosting environment: Development
12/04/2024 16:50:16.929 -06:00  [INF]  Content root path: C:\Users\victo\Documents\ESCUELA\Servicio Social\Parking\SorteoParking\SorteoEstacionamientos\SorteoEstacionamientos\Server
12/04/2024 16:50:16.931 -06:00  [DBG]  Hosting started
12/04/2024 16:50:17.258 -06:00  [DBG]  Connection id "0HN2R8BM72JDU" accepted.
12/04/2024 16:50:17.261 -06:00  [DBG]  Connection id "0HN2R8BM72JDU" started.
12/04/2024 16:50:17.263 -06:00  [DBG]  Connection id "0HN2R8BM72JDV" accepted.
12/04/2024 16:50:17.265 -06:00  [DBG]  Connection id "0HN2R8BM72JDV" started.
12/04/2024 16:50:21.408 -06:00  [DBG]  Connection id "0HN2R8BM72JE0" accepted.
12/04/2024 16:50:21.917 -06:00  [DBG]  Connection id "0HN2R8BM72JE0" started.
12/04/2024 16:50:22.081 -06:00  [DBG]  Connection 0HN2R8BM72JE0 established using the following protocol: "Tls12"
12/04/2024 16:50:23.014 -06:00  [VRB]  Connection id "0HN2R8BM72JE0" sending "SETTINGS" frame for stream ID 0 with length 24 and flags "NONE".
12/04/2024 16:50:23.022 -06:00  [VRB]  Connection id "0HN2R8BM72JE0" sending "WINDOW_UPDATE" frame for stream ID 0 with length 4 and flags 0x0.
12/04/2024 16:50:23.023 -06:00  [VRB]  Connection id "0HN2R8BM72JE0" received "SETTINGS" frame for stream ID 0 with length 24 and flags "NONE".
12/04/2024 16:50:23.024 -06:00  [VRB]  Connection id "0HN2R8BM72JE0" sending "SETTINGS" frame for stream ID 0 with length 0 and flags "ACK".
12/04/2024 16:50:23.025 -06:00  [VRB]  Connection id "0HN2R8BM72JE0" received "WINDOW_UPDATE" frame for stream ID 0 with length 4 and flags 0x0.
12/04/2024 16:50:23.025 -06:00  [VRB]  Connection id "0HN2R8BM72JE0" received "HEADERS" frame for stream ID 1 with length 496 and flags "END_STREAM, END_HEADERS, PRIORITY".
12/04/2024 16:50:23.076 -06:00  [VRB]  Connection id "0HN2R8BM72JE0" received "HEADERS" frame for stream ID 3 with length 89 and flags "END_STREAM, END_HEADERS, PRIORITY".
12/04/2024 16:50:23.079 -06:00  [VRB]  Connection id "0HN2R8BM72JE0" received "HEADERS" frame for stream ID 5 with length 61 and flags "END_STREAM, END_HEADERS, PRIORITY".
12/04/2024 16:50:23.080 -06:00  [VRB]  Connection id "0HN2R8BM72JE0" received "SETTINGS" frame for stream ID 0 with length 0 and flags "ACK".
12/04/2024 16:50:23.116 -06:00  [INF]  Request starting HTTP/2 GET https://localhost:7173/_vs/browserLink - null null
12/04/2024 16:50:23.116 -06:00  [INF]  Request starting HTTP/2 GET https://localhost:7173/_framework/aspnetcore-browser-refresh.js - null null
12/04/2024 16:50:23.116 -06:00  [INF]  Request starting HTTP/2 GET https://localhost:7173/_framework/blazor.webassembly.js - null null
12/04/2024 16:50:23.145 -06:00  [DBG]  Wildcard detected, all requests with hosts will be allowed.
12/04/2024 16:50:23.147 -06:00  [VRB]  All hosts are allowed.
12/04/2024 16:50:23.165 -06:00  [VRB]  Connection id "0HN2R8BM72JE0" sending "HEADERS" frame for stream ID 1 with length 98 and flags "END_HEADERS".
12/04/2024 16:50:23.166 -06:00  [VRB]  Connection id "0HN2R8BM72JE0" sending "DATA" frame for stream ID 1 with length 13794 and flags "NONE".
12/04/2024 16:50:23.180 -06:00  [VRB]  Connection id "0HN2R8BM72JE0" sending "DATA" frame for stream ID 1 with length 0 and flags "END_STREAM".
12/04/2024 16:50:23.179 -06:00  [INF]  Request finished HTTP/2 GET https://localhost:7173/_framework/aspnetcore-browser-refresh.js - 200 13794 application/javascript; charset=utf-8 73.8409ms
12/04/2024 16:50:23.208 -06:00  [DBG]  The request path  does not match the path filter
12/04/2024 16:50:23.252 -06:00  [VRB]  Range header's value is empty.
12/04/2024 16:50:23.252 -06:00  [INF]  The file /_framework/blazor.webassembly.js.gz was not modified
12/04/2024 16:50:23.259 -06:00  [DBG]  Handled. Status code: 304 File: /_framework/blazor.webassembly.js.gz
12/04/2024 16:50:23.266 -06:00  [INF]  HTTP GET /_framework/blazor.webassembly.js.gz responded 304 in 33.3809 ms
12/04/2024 16:50:23.271 -06:00  [VRB]  Connection id "0HN2R8BM72JE0" sending "HEADERS" frame for stream ID 3 with length 210 and flags "END_STREAM, END_HEADERS".
12/04/2024 16:50:23.271 -06:00  [INF]  Request finished HTTP/2 GET https://localhost:7173/_framework/blazor.webassembly.js.gz - 304 null text/javascript 168.0139ms
12/04/2024 16:50:23.293 -06:00  [VRB]  Connection id "0HN2R8BM72JE0" received "HEADERS" frame for stream ID 7 with length 150 and flags "END_STREAM, END_HEADERS, PRIORITY".
12/04/2024 16:50:23.305 -06:00  [INF]  Request starting HTTP/2 GET https://localhost:7173/_framework/dotnet.js - null null
12/04/2024 16:50:23.309 -06:00  [VRB]  All hosts are allowed.
12/04/2024 16:50:23.313 -06:00  [DBG]  The request path  does not match the path filter
12/04/2024 16:50:23.316 -06:00  [DBG]  The request has an origin header: 'https://localhost:7173'.
12/04/2024 16:50:23.317 -06:00  [INF]  CORS policy execution successful.
12/04/2024 16:50:23.321 -06:00  [VRB]  Range header's value is empty.
12/04/2024 16:50:23.322 -06:00  [INF]  The file /_framework/dotnet.js.gz was not modified
12/04/2024 16:50:23.323 -06:00  [DBG]  Handled. Status code: 304 File: /_framework/dotnet.js.gz
12/04/2024 16:50:23.324 -06:00  [INF]  HTTP GET /_framework/dotnet.js.gz responded 304 in 3.9330 ms
12/04/2024 16:50:23.330 -06:00  [VRB]  Connection id "0HN2R8BM72JE0" sending "HEADERS" frame for stream ID 7 with length 64 and flags "END_STREAM, END_HEADERS".
12/04/2024 16:50:23.330 -06:00  [INF]  Request finished HTTP/2 GET https://localhost:7173/_framework/dotnet.js.gz - 304 null text/javascript 25.7547ms
12/04/2024 16:50:23.342 -06:00  [VRB]  Connection id "0HN2R8BM72JE0" received "HEADERS" frame for stream ID 9 with length 100 and flags "END_STREAM, END_HEADERS, PRIORITY".
12/04/2024 16:50:23.345 -06:00  [INF]  Request starting HTTP/2 GET https://localhost:7173/_framework/blazor.boot.json - null null
12/04/2024 16:50:23.348 -06:00  [VRB]  All hosts are allowed.
12/04/2024 16:50:23.349 -06:00  [DBG]  The request path  does not match the path filter
12/04/2024 16:50:23.352 -06:00  [VRB]  Range header's value is empty.
12/04/2024 16:50:23.360 -06:00  [VRB]  Connection id "0HN2R8BM72JE0" sending "HEADERS" frame for stream ID 9 with length 85 and flags "END_HEADERS".
12/04/2024 16:50:23.360 -06:00  [VRB]  Connection id "0HN2R8BM72JE0" sending "DATA" frame for stream ID 9 with length 9069 and flags "NONE".
12/04/2024 16:50:23.362 -06:00  [VRB]  Connection id "0HN2R8BM72JE0" sending "HEADERS" frame for stream ID 5 with length 149 and flags "END_HEADERS".
12/04/2024 16:50:23.362 -06:00  [VRB]  Connection id "0HN2R8BM72JE0" sending "DATA" frame for stream ID 5 with length 9986 and flags "NONE".
12/04/2024 16:50:23.371 -06:00  [VRB]  Connection id "0HN2R8BM72JE0" sending "DATA" frame for stream ID 5 with length 10240 and flags "NONE".
12/04/2024 16:50:23.373 -06:00  [VRB]  Connection id "0HN2R8BM72JE0" sending "DATA" frame for stream ID 5 with length 10240 and flags "NONE".
12/04/2024 16:50:23.371 -06:00  [INF]  Sending file. Request path: '/_framework/blazor.boot.json.gz'. Physical path: 'C:\Users\victo\Documents\ESCUELA\Servicio Social\Parking\SorteoParking\SorteoEstacionamientos\SorteoEstacionamientos\Client\bin\Debug\net8.0\wwwroot\_framework\blazor.boot.json.gz'
12/04/2024 16:50:23.374 -06:00  [VRB]  Connection id "0HN2R8BM72JE0" sending "DATA" frame for stream ID 5 with length 10240 and flags "NONE".
12/04/2024 16:50:23.375 -06:00  [VRB]  Connection id "0HN2R8BM72JE0" sending "DATA" frame for stream ID 5 with length 10240 and flags "NONE".
12/04/2024 16:50:23.377 -06:00  [VRB]  Connection id "0HN2R8BM72JE0" sending "DATA" frame for stream ID 5 with length 10240 and flags "NONE".
12/04/2024 16:50:23.375 -06:00  [INF]  HTTP GET /_framework/blazor.boot.json.gz responded 200 in 24.2446 ms
12/04/2024 16:50:23.379 -06:00  [VRB]  Connection id "0HN2R8BM72JE0" sending "DATA" frame for stream ID 5 with length 10240 and flags "NONE".
12/04/2024 16:50:23.380 -06:00  [VRB]  Connection id "0HN2R8BM72JE0" sending "DATA" frame for stream ID 5 with length 10240 and flags "NONE".
12/04/2024 16:50:23.381 -06:00  [VRB]  Connection id "0HN2R8BM72JE0" sending "DATA" frame for stream ID 5 with length 10240 and flags "NONE".
12/04/2024 16:50:23.382 -06:00  [VRB]  Connection id "0HN2R8BM72JE0" sending "DATA" frame for stream ID 5 with length 10240 and flags "NONE".
12/04/2024 16:50:23.384 -06:00  [VRB]  Connection id "0HN2R8BM72JE0" sending "DATA" frame for stream ID 9 with length 0 and flags "END_STREAM".
12/04/2024 16:50:23.386 -06:00  [VRB]  Connection id "0HN2R8BM72JE0" sending "DATA" frame for stream ID 5 with length 10240 and flags "NONE".
12/04/2024 16:50:23.384 -06:00  [INF]  Request finished HTTP/2 GET https://localhost:7173/_framework/blazor.boot.json.gz - 200 9069 application/json 38.6556ms
12/04/2024 16:50:23.397 -06:00  [VRB]  Connection id "0HN2R8BM72JE0" sending "DATA" frame for stream ID 5 with length 10240 and flags "NONE".
12/04/2024 16:50:23.398 -06:00  [VRB]  Connection id "0HN2R8BM72JE0" received "HEADERS" frame for stream ID 11 with length 108 and flags "END_STREAM, END_HEADERS, PRIORITY".
12/04/2024 16:50:23.398 -06:00  [VRB]  Connection id "0HN2R8BM72JE0" received "HEADERS" frame for stream ID 13 with length 75 and flags "END_STREAM, END_HEADERS, PRIORITY".
12/04/2024 16:50:23.399 -06:00  [VRB]  Connection id "0HN2R8BM72JE0" sending "DATA" frame for stream ID 5 with length 10240 and flags "NONE".
12/04/2024 16:50:23.400 -06:00  [VRB]  Connection id "0HN2R8BM72JE0" sending "DATA" frame for stream ID 5 with length 10240 and flags "NONE".
12/04/2024 16:50:23.401 -06:00  [VRB]  Connection id "0HN2R8BM72JE0" sending "DATA" frame for stream ID 5 with length 10240 and flags "NONE".
12/04/2024 16:50:23.403 -06:00  [VRB]  Connection id "0HN2R8BM72JE0" sending "DATA" frame for stream ID 5 with length 160 and flags "NONE".
12/04/2024 16:50:23.410 -06:00  [VRB]  Connection id "0HN2R8BM72JE0" sending "DATA" frame for stream ID 5 with length 0 and flags "END_STREAM".
12/04/2024 16:50:23.399 -06:00  [INF]  Request starting HTTP/2 GET https://localhost:7173/_framework/dotnet.runtime.8.0.1.pwzfmm7sns.js - null null
12/04/2024 16:50:23.856 -06:00  [VRB]  All hosts are allowed.
12/04/2024 16:50:23.407 -06:00  [INF]  Request finished HTTP/2 GET https://localhost:7173/_vs/browserLink - 200 null text/javascript; charset=UTF-8 303.7998ms
12/04/2024 16:50:23.860 -06:00  [VRB]  Connection id "0HN2R8BM72JE0" received "HEADERS" frame for stream ID 15 with length 75 and flags "END_STREAM, END_HEADERS, PRIORITY".
12/04/2024 16:50:23.862 -06:00  [VRB]  Connection id "0HN2R8BM72JE0" received "HEADERS" frame for stream ID 17 with length 74 and flags "END_STREAM, END_HEADERS, PRIORITY".
12/04/2024 16:50:23.399 -06:00  [INF]  Request starting HTTP/2 GET https://localhost:7173/_framework/dotnet.native.8.0.1.ursf4poacj.js - null null
12/04/2024 16:50:23.866 -06:00  [VRB]  All hosts are allowed.
12/04/2024 16:50:23.740 -06:00  [DBG]  Connection id "0HN2R8BM72JE1" accepted.
12/04/2024 16:50:23.857 -06:00  [DBG]  The request path  does not match the path filter
12/04/2024 16:50:23.866 -06:00  [DBG]  The request path  does not match the path filter
12/04/2024 16:50:23.868 -06:00  [INF]  Request starting HTTP/2 GET https://localhost:7173/_framework/SorteoEstacionamientos.Client.pdb - null null
12/04/2024 16:50:23.874 -06:00  [VRB]  All hosts are allowed.
12/04/2024 16:50:23.875 -06:00  [DBG]  The request path  does not match the path filter
12/04/2024 16:50:23.877 -06:00  [VRB]  Range header's value is empty.
12/04/2024 16:50:23.870 -06:00  [DBG]  The request has an origin header: 'https://localhost:7173'.
12/04/2024 16:50:23.880 -06:00  [INF]  CORS policy execution successful.
12/04/2024 16:50:23.885 -06:00  [VRB]  Range header's value is empty.
12/04/2024 16:50:23.865 -06:00  [INF]  Request starting HTTP/2 GET https://localhost:7173/_framework/SorteoEstacionamientos.Client.wasm - null null
12/04/2024 16:50:23.890 -06:00  [VRB]  All hosts are allowed.
12/04/2024 16:50:23.871 -06:00  [DBG]  The request has an origin header: 'https://localhost:7173'.
12/04/2024 16:50:23.890 -06:00  [DBG]  The request path  does not match the path filter
12/04/2024 16:50:23.893 -06:00  [VRB]  Range header's value is empty.
12/04/2024 16:50:23.885 -06:00  [INF]  The file /_framework/dotnet.runtime.8.0.1.pwzfmm7sns.js.gz was not modified
12/04/2024 16:50:23.891 -06:00  [DBG]  Connection id "0HN2R8BM72JE1" started.
12/04/2024 16:50:23.891 -06:00  [INF]  CORS policy execution successful.
12/04/2024 16:50:23.900 -06:00  [VRB]  Range header's value is empty.
12/04/2024 16:50:23.899 -06:00  [DBG]  Handled. Status code: 304 File: /_framework/dotnet.runtime.8.0.1.pwzfmm7sns.js.gz
12/04/2024 16:50:23.900 -06:00  [INF]  The file /_framework/dotnet.native.8.0.1.ursf4poacj.js.gz was not modified
12/04/2024 16:50:23.903 -06:00  [VRB]  Connection id "0HN2R8BM72JE0" sending "HEADERS" frame for stream ID 17 with length 64 and flags "END_HEADERS".
12/04/2024 16:50:23.904 -06:00  [VRB]  Connection id "0HN2R8BM72JE0" sending "DATA" frame for stream ID 17 with length 16384 and flags "NONE".
12/04/2024 16:50:23.902 -06:00  [INF]  HTTP GET /_framework/dotnet.runtime.8.0.1.pwzfmm7sns.js.gz responded 304 in 17.6854 ms
12/04/2024 16:50:23.903 -06:00  [DBG]  Handled. Status code: 304 File: /_framework/dotnet.native.8.0.1.ursf4poacj.js.gz
12/04/2024 16:50:23.906 -06:00  [INF]  Request finished HTTP/2 GET https://localhost:7173/_framework/dotnet.runtime.8.0.1.pwzfmm7sns.js.gz - 304 null text/javascript 506.8301ms
12/04/2024 16:50:23.910 -06:00  [VRB]  Connection id "0HN2R8BM72JE0" sending "HEADERS" frame for stream ID 11 with length 32 and flags "END_STREAM, END_HEADERS".
12/04/2024 16:50:23.908 -06:00  [INF]  HTTP GET /_framework/dotnet.native.8.0.1.ursf4poacj.js.gz responded 304 in 8.2064 ms
12/04/2024 16:50:23.914 -06:00  [VRB]  Connection id "0HN2R8BM72JE0" sending "HEADERS" frame for stream ID 15 with length 56 and flags "END_HEADERS".
12/04/2024 16:50:23.914 -06:00  [VRB]  Connection id "0HN2R8BM72JE0" sending "DATA" frame for stream ID 15 with length 12178 and flags "NONE".
12/04/2024 16:50:23.914 -06:00  [VRB]  Connection id "0HN2R8BM72JE0" sending "DATA" frame for stream ID 17 with length 8033 and flags "NONE".
12/04/2024 16:50:23.919 -06:00  [VRB]  Connection id "0HN2R8BM72JE0" sending "HEADERS" frame for stream ID 13 with length 32 and flags "END_STREAM, END_HEADERS".
12/04/2024 16:50:23.914 -06:00  [INF]  Request finished HTTP/2 GET https://localhost:7173/_framework/dotnet.native.8.0.1.ursf4poacj.js.gz - 304 null text/javascript 514.3525ms
12/04/2024 16:50:23.916 -06:00  [DBG]  Connection 0HN2R8BM72JE1 established using the following protocol: "Tls12"
12/04/2024 16:50:23.922 -06:00  [VRB]  Connection id "0HN2R8BM72JE1" sending "SETTINGS" frame for stream ID 0 with length 24 and flags "NONE".
12/04/2024 16:50:23.922 -06:00  [VRB]  Connection id "0HN2R8BM72JE1" sending "WINDOW_UPDATE" frame for stream ID 0 with length 4 and flags 0x0.
12/04/2024 16:50:23.922 -06:00  [VRB]  Connection id "0HN2R8BM72JE1" received "SETTINGS" frame for stream ID 0 with length 24 and flags "NONE".
12/04/2024 16:50:23.923 -06:00  [VRB]  Connection id "0HN2R8BM72JE1" sending "SETTINGS" frame for stream ID 0 with length 0 and flags "ACK".
12/04/2024 16:50:23.923 -06:00  [VRB]  Connection id "0HN2R8BM72JE1" received "WINDOW_UPDATE" frame for stream ID 0 with length 4 and flags 0x0.
12/04/2024 16:50:23.923 -06:00  [VRB]  Connection id "0HN2R8BM72JE1" received "HEADERS" frame for stream ID 1 with length 379 and flags "END_STREAM, END_HEADERS, PRIORITY".
12/04/2024 16:50:23.919 -06:00  [INF]  Sending file. Request path: '/_framework/SorteoEstacionamientos.Client.wasm.gz'. Physical path: 'C:\Users\victo\Documents\ESCUELA\Servicio Social\Parking\SorteoParking\SorteoEstacionamientos\SorteoEstacionamientos\Client\bin\Debug\net8.0\wwwroot\_framework\SorteoEstacionamientos.Client.wasm.gz'
12/04/2024 16:50:23.920 -06:00  [INF]  Sending file. Request path: '/_framework/SorteoEstacionamientos.Client.pdb.gz'. Physical path: 'C:\Users\victo\Documents\ESCUELA\Servicio Social\Parking\SorteoParking\SorteoEstacionamientos\SorteoEstacionamientos\Client\bin\Debug\net8.0\wwwroot\_framework\SorteoEstacionamientos.Client.pdb.gz'
12/04/2024 16:50:23.924 -06:00  [INF]  HTTP GET /_framework/SorteoEstacionamientos.Client.wasm.gz responded 200 in 32.0536 ms
12/04/2024 16:50:23.939 -06:00  [VRB]  Connection id "0HN2R8BM72JE0" sending "DATA" frame for stream ID 15 with length 0 and flags "END_STREAM".
12/04/2024 16:50:23.940 -06:00  [VRB]  Connection id "0HN2R8BM72JE1" received "SETTINGS" frame for stream ID 0 with length 0 and flags "ACK".
12/04/2024 16:50:23.937 -06:00  [INF]  Request finished HTTP/2 GET https://localhost:7173/_framework/SorteoEstacionamientos.Client.wasm.gz - 200 12178 application/wasm 72.8192ms
12/04/2024 16:50:23.933 -06:00  [INF]  HTTP GET /_framework/SorteoEstacionamientos.Client.pdb.gz responded 200 in 57.1400 ms
12/04/2024 16:50:23.949 -06:00  [VRB]  Connection id "0HN2R8BM72JE0" sending "DATA" frame for stream ID 17 with length 0 and flags "END_STREAM".
12/04/2024 16:50:23.938 -06:00  [INF]  Request starting HTTP/2 GET https://localhost:7173/manifest.json - null null
12/04/2024 16:50:23.951 -06:00  [VRB]  All hosts are allowed.
12/04/2024 16:50:23.943 -06:00  [INF]  Request finished HTTP/2 GET https://localhost:7173/_framework/SorteoEstacionamientos.Client.pdb.gz - 200 24417 application/octet-stream 74.6171ms
12/04/2024 16:50:23.951 -06:00  [DBG]  The request path  does not match the path filter
12/04/2024 16:50:23.972 -06:00  [VRB]  Range header's value is empty.
12/04/2024 16:50:23.973 -06:00  [INF]  The file /manifest.json was not modified
12/04/2024 16:50:23.989 -06:00  [DBG]  Handled. Status code: 304 File: /manifest.json
12/04/2024 16:50:23.991 -06:00  [INF]  HTTP GET /manifest.json responded 304 in 19.1509 ms
12/04/2024 16:50:24.038 -06:00  [VRB]  Connection id "0HN2R8BM72JE1" sending "HEADERS" frame for stream ID 1 with length 116 and flags "END_STREAM, END_HEADERS".
12/04/2024 16:50:24.038 -06:00  [INF]  Request finished HTTP/2 GET https://localhost:7173/manifest.json - 304 null application/json 101.9752ms
12/04/2024 16:50:24.783 -06:00  [VRB]  Connection id "0HN2R8BM72JE0" received "HEADERS" frame for stream ID 19 with length 99 and flags "END_STREAM, END_HEADERS, PRIORITY".
12/04/2024 16:50:24.798 -06:00  [VRB]  Connection id "0HN2R8BM72JE0" received "HEADERS" frame for stream ID 21 with length 130 and flags "END_STREAM, END_HEADERS, PRIORITY".
12/04/2024 16:50:24.797 -06:00  [INF]  Request starting HTTP/2 GET https://localhost:7173/_framework/blazor-hotreload.js - null null
12/04/2024 16:50:24.800 -06:00  [INF]  Request starting HTTP/2 GET https://localhost:7173/icon-192.png - null null
12/04/2024 16:50:24.811 -06:00  [VRB]  All hosts are allowed.
12/04/2024 16:50:24.812 -06:00  [VRB]  Connection id "0HN2R8BM72JE0" sending "HEADERS" frame for stream ID 19 with length 11 and flags "END_HEADERS".
12/04/2024 16:50:24.812 -06:00  [VRB]  Connection id "0HN2R8BM72JE0" sending "DATA" frame for stream ID 19 with length 574 and flags "END_STREAM".
12/04/2024 16:50:24.821 -06:00  [VRB]  Connection id "0HN2R8BM72JE0" received "HEADERS" frame for stream ID 23 with length 46 and flags "END_STREAM, END_HEADERS, PRIORITY".
12/04/2024 16:50:24.808 -06:00  [INF]  Request finished HTTP/2 GET https://localhost:7173/_framework/blazor-hotreload.js - 200 574 application/javascript; charset=utf-8 11.1276ms
12/04/2024 16:50:24.812 -06:00  [DBG]  The request path  does not match the path filter
12/04/2024 16:50:24.825 -06:00  [VRB]  Range header's value is empty.
12/04/2024 16:50:24.823 -06:00  [INF]  Request starting HTTP/2 GET https://localhost:7173/_framework/blazor-hotreload - null null
12/04/2024 16:50:24.826 -06:00  [INF]  The file /icon-192.png was not modified
12/04/2024 16:50:24.830 -06:00  [VRB]  Connection id "0HN2R8BM72JE0" sending "HEADERS" frame for stream ID 23 with length 3 and flags "END_STREAM, END_HEADERS".
12/04/2024 16:50:24.829 -06:00  [DBG]  Handled. Status code: 304 File: /icon-192.png
12/04/2024 16:50:24.830 -06:00  [INF]  Request finished HTTP/2 GET https://localhost:7173/_framework/blazor-hotreload - 204 null null 7.1225ms
12/04/2024 16:50:24.831 -06:00  [INF]  HTTP GET /icon-192.png responded 304 in 5.9138 ms
12/04/2024 16:50:24.838 -06:00  [VRB]  Connection id "0HN2R8BM72JE0" sending "HEADERS" frame for stream ID 21 with length 65 and flags "END_STREAM, END_HEADERS".
12/04/2024 16:50:24.838 -06:00  [INF]  Request finished HTTP/2 GET https://localhost:7173/icon-192.png - 304 null image/png 36.2402ms
12/04/2024 16:50:25.671 -06:00  [VRB]  Connection id "0HN2R8BM72JE0" received "HEADERS" frame for stream ID 25 with length 132 and flags "END_STREAM, END_HEADERS, PRIORITY".
12/04/2024 16:50:25.674 -06:00  [INF]  Request starting HTTP/2 GET https://localhost:7173/css/open-iconic/font/fonts/open-iconic.woff - null null
12/04/2024 16:50:25.680 -06:00  [VRB]  All hosts are allowed.
12/04/2024 16:50:25.680 -06:00  [DBG]  The request path  does not match the path filter
12/04/2024 16:50:25.682 -06:00  [DBG]  The request has an origin header: 'https://localhost:7173'.
12/04/2024 16:50:25.683 -06:00  [INF]  CORS policy execution successful.
12/04/2024 16:50:25.687 -06:00  [VRB]  Range header's value is empty.
12/04/2024 16:50:25.687 -06:00  [INF]  The file /css/open-iconic/font/fonts/open-iconic.woff was not modified
12/04/2024 16:50:25.690 -06:00  [DBG]  Handled. Status code: 304 File: /css/open-iconic/font/fonts/open-iconic.woff
12/04/2024 16:50:25.691 -06:00  [INF]  HTTP GET /css/open-iconic/font/fonts/open-iconic.woff responded 304 in 6.0546 ms
12/04/2024 16:50:25.695 -06:00  [VRB]  Connection id "0HN2R8BM72JE0" sending "HEADERS" frame for stream ID 25 with length 78 and flags "END_STREAM, END_HEADERS".
12/04/2024 16:50:25.695 -06:00  [INF]  Request finished HTTP/2 GET https://localhost:7173/css/open-iconic/font/fonts/open-iconic.woff - 304 null application/font-woff 20.1636ms
12/04/2024 16:50:27.329 -06:00  [VRB]  Connection id "0HN2R8BM72JE0" received "HEADERS" frame for stream ID 27 with length 144 and flags "END_STREAM, END_HEADERS, PRIORITY".
12/04/2024 16:50:27.355 -06:00  [INF]  Request starting HTTP/2 GET https://localhost:7173/service-worker.js - null null
12/04/2024 16:50:27.370 -06:00  [VRB]  All hosts are allowed.
12/04/2024 16:50:27.371 -06:00  [DBG]  The request path  does not match the path filter
12/04/2024 16:50:27.374 -06:00  [VRB]  Range header's value is empty.
12/04/2024 16:50:27.380 -06:00  [VRB]  Connection id "0HN2R8BM72JE0" sending "HEADERS" frame for stream ID 27 with length 91 and flags "END_HEADERS".
12/04/2024 16:50:27.380 -06:00  [VRB]  Connection id "0HN2R8BM72JE0" sending "DATA" frame for stream ID 27 with length 303 and flags "NONE".
12/04/2024 16:50:27.371 -06:00  [DBG]  Authentication of the HTTPS connection timed out.
12/04/2024 16:50:27.372 -06:00  [DBG]  Authentication of the HTTPS connection timed out.
12/04/2024 16:50:27.379 -06:00  [INF]  Sending file. Request path: '/service-worker.js'. Physical path: 'C:\Users\victo\Documents\ESCUELA\Servicio Social\Parking\SorteoParking\SorteoEstacionamientos\SorteoEstacionamientos\Client\obj\Debug\net8.0\service-worker\service-worker.js'
12/04/2024 16:50:27.390 -06:00  [INF]  HTTP GET /service-worker.js responded 200 in 15.9541 ms
12/04/2024 16:50:27.390 -06:00  [DBG]  Connection id "0HN2R8BM72JDV" stopped.
12/04/2024 16:50:27.400 -06:00  [VRB]  Connection id "0HN2R8BM72JE0" sending "DATA" frame for stream ID 27 with length 0 and flags "END_STREAM".
12/04/2024 16:50:27.390 -06:00  [DBG]  Connection id "0HN2R8BM72JDU" stopped.
12/04/2024 16:50:27.392 -06:00  [INF]  Request finished HTTP/2 GET https://localhost:7173/service-worker.js - 200 303 text/javascript 36.6263ms
12/04/2024 16:50:27.401 -06:00  [DBG]  Connection id "0HN2R8BM72JDV" sending FIN because: "The Socket transport's send loop completed gracefully."
12/04/2024 16:50:27.401 -06:00  [DBG]  Connection id "0HN2R8BM72JDU" sending FIN because: "The Socket transport's send loop completed gracefully."
12/04/2024 16:50:33.445 -06:00  [DBG]  Connection id "0HN2R8BM72JE1" received FIN.
12/04/2024 16:50:33.445 -06:00  [DBG]  Connection id "0HN2R8BM72JE0" received FIN.
12/04/2024 16:50:33.451 -06:00  [DBG]  The connection queue processing loop for 0HN2R8BM72JE1 completed.
12/04/2024 16:50:33.451 -06:00  [DBG]  The connection queue processing loop for 0HN2R8BM72JE0 completed.
12/04/2024 16:50:33.453 -06:00  [DBG]  Connection id "0HN2R8BM72JE0" is closed. The last processed stream ID was 27.
12/04/2024 16:50:33.453 -06:00  [DBG]  Connection id "0HN2R8BM72JE1" is closed. The last processed stream ID was 1.
12/04/2024 16:50:33.460 -06:00  [DBG]  Connection id "0HN2R8BM72JE0" sending FIN because: "The Socket transport's send loop completed gracefully."
12/04/2024 16:50:33.462 -06:00  [DBG]  Connection id "0HN2R8BM72JE1" sending FIN because: "The Socket transport's send loop completed gracefully."
12/04/2024 16:50:33.478 -06:00  [DBG]  Connection id "0HN2R8BM72JE1" stopped.
12/04/2024 16:50:33.478 -06:00  [DBG]  Connection id "0HN2R8BM72JE0" stopped.
12/04/2024 16:50:53.905 -06:00  [DBG]  Connection id "0HN2R8BM72JE2" accepted.
12/04/2024 16:50:53.913 -06:00  [DBG]  Connection id "0HN2R8BM72JE2" started.
12/04/2024 16:50:53.916 -06:00  [DBG]  Connection 0HN2R8BM72JE2 established using the following protocol: "Tls12"
12/04/2024 16:50:53.924 -06:00  [VRB]  Connection id "0HN2R8BM72JE2" sending "SETTINGS" frame for stream ID 0 with length 24 and flags "NONE".
12/04/2024 16:50:53.924 -06:00  [VRB]  Connection id "0HN2R8BM72JE2" sending "WINDOW_UPDATE" frame for stream ID 0 with length 4 and flags 0x0.
12/04/2024 16:50:53.924 -06:00  [VRB]  Connection id "0HN2R8BM72JE2" received "SETTINGS" frame for stream ID 0 with length 24 and flags "NONE".
12/04/2024 16:50:53.924 -06:00  [VRB]  Connection id "0HN2R8BM72JE2" sending "SETTINGS" frame for stream ID 0 with length 0 and flags "ACK".
12/04/2024 16:50:53.924 -06:00  [VRB]  Connection id "0HN2R8BM72JE2" received "WINDOW_UPDATE" frame for stream ID 0 with length 4 and flags 0x0.
12/04/2024 16:50:53.924 -06:00  [VRB]  Connection id "0HN2R8BM72JE2" received "HEADERS" frame for stream ID 1 with length 462 and flags "END_STREAM, END_HEADERS, PRIORITY".
12/04/2024 16:50:53.925 -06:00  [VRB]  Connection id "0HN2R8BM72JE2" received "SETTINGS" frame for stream ID 0 with length 0 and flags "ACK".
12/04/2024 16:50:53.925 -06:00  [INF]  Request starting HTTP/2 GET https://localhost:7173/service-worker.js - null null
12/04/2024 16:50:53.929 -06:00  [VRB]  All hosts are allowed.
12/04/2024 16:50:53.930 -06:00  [DBG]  The request path  does not match the path filter
12/04/2024 16:50:53.932 -06:00  [VRB]  Range header's value is empty.
12/04/2024 16:50:53.932 -06:00  [INF]  The file /service-worker.js was not modified
12/04/2024 16:50:53.934 -06:00  [DBG]  Handled. Status code: 304 File: /service-worker.js
12/04/2024 16:50:53.936 -06:00  [INF]  HTTP GET /service-worker.js responded 304 in 4.0081 ms
12/04/2024 16:50:53.938 -06:00  [VRB]  Connection id "0HN2R8BM72JE2" sending "HEADERS" frame for stream ID 1 with length 115 and flags "END_STREAM, END_HEADERS".
12/04/2024 16:50:53.938 -06:00  [INF]  Request finished HTTP/2 GET https://localhost:7173/service-worker.js - 304 null text/javascript 13.531ms
12/04/2024 16:51:03.472 -06:00  [DBG]  Connection id "0HN2R8BM72JE2" received FIN.
12/04/2024 16:51:03.479 -06:00  [DBG]  Connection id "0HN2R8BM72JE2" is closed. The last processed stream ID was 1.
12/04/2024 16:51:03.480 -06:00  [DBG]  The connection queue processing loop for 0HN2R8BM72JE2 completed.
12/04/2024 16:51:03.499 -06:00  [DBG]  Connection id "0HN2R8BM72JE2" sending FIN because: "The Socket transport's send loop completed gracefully."
12/04/2024 16:51:03.515 -06:00  [DBG]  Connection id "0HN2R8BM72JE2" stopped.
12/04/2024 16:51:50.991 -06:00  [DBG]  Connection id "0HN2R8BM72JE3" accepted.
12/04/2024 16:51:51.011 -06:00  [DBG]  Connection id "0HN2R8BM72JE3" started.
12/04/2024 16:51:51.014 -06:00  [DBG]  Connection 0HN2R8BM72JE3 established using the following protocol: "Tls12"
12/04/2024 16:51:51.018 -06:00  [VRB]  Connection id "0HN2R8BM72JE3" sending "SETTINGS" frame for stream ID 0 with length 24 and flags "NONE".
12/04/2024 16:51:51.018 -06:00  [VRB]  Connection id "0HN2R8BM72JE3" sending "WINDOW_UPDATE" frame for stream ID 0 with length 4 and flags 0x0.
12/04/2024 16:51:51.018 -06:00  [VRB]  Connection id "0HN2R8BM72JE3" received "SETTINGS" frame for stream ID 0 with length 24 and flags "NONE".
12/04/2024 16:51:51.018 -06:00  [VRB]  Connection id "0HN2R8BM72JE3" sending "SETTINGS" frame for stream ID 0 with length 0 and flags "ACK".
12/04/2024 16:51:51.018 -06:00  [VRB]  Connection id "0HN2R8BM72JE3" received "WINDOW_UPDATE" frame for stream ID 0 with length 4 and flags 0x0.
12/04/2024 16:51:51.018 -06:00  [VRB]  Connection id "0HN2R8BM72JE3" received "HEADERS" frame for stream ID 1 with length 585 and flags "END_STREAM, END_HEADERS, PRIORITY".
12/04/2024 16:51:51.019 -06:00  [VRB]  Connection id "0HN2R8BM72JE3" received "SETTINGS" frame for stream ID 0 with length 0 and flags "ACK".
12/04/2024 16:51:51.020 -06:00  [INF]  Request starting HTTP/2 GET https://localhost:7173/color - null null
12/04/2024 16:51:51.217 -06:00  [VRB]  All hosts are allowed.
12/04/2024 16:51:51.217 -06:00  [DBG]  The request path  does not match the path filter
12/04/2024 16:51:51.220 -06:00  [DBG]  The request path /color does not match a supported file type
12/04/2024 16:51:51.311 -06:00  [DBG]  1 candidate(s) found for the request path '/color'
12/04/2024 16:51:51.319 -06:00  [DBG]  Endpoint 'Fallback {*path:nonfile}' with route pattern '{*path:nonfile}' is valid for the request path '/color'
12/04/2024 16:51:51.325 -06:00  [DBG]  Request matched endpoint 'Fallback {*path:nonfile}'
12/04/2024 16:51:51.328 -06:00  [DBG]  Matched endpoint 'Fallback {*path:nonfile}' is a fallback endpoint.
12/04/2024 16:51:51.331 -06:00  [VRB]  The endpoint does not specify the IRequestSizeLimitMetadata.
12/04/2024 16:51:51.460 -06:00  [DBG]  AuthenticationScheme: Bearer was not authenticated.
12/04/2024 16:51:51.471 -06:00  [INF]  Executing endpoint 'Fallback {*path:nonfile}'
12/04/2024 16:51:51.475 -06:00  [VRB]  Range header's value is empty.
12/04/2024 16:51:51.483 -06:00  [DBG]  Response markup is scheduled to include browser refresh script injection.
12/04/2024 16:51:51.486 -06:00  [VRB]  Connection id "0HN2R8BM72JE3" sending "HEADERS" frame for stream ID 1 with length 109 and flags "END_HEADERS".
12/04/2024 16:51:51.510 -06:00  [VRB]  Connection id "0HN2R8BM72JE3" sending "DATA" frame for stream ID 1 with length 5559 and flags "NONE".
12/04/2024 16:51:51.515 -06:00  [VRB]  Connection id "0HN2R8BM72JE3" sending "DATA" frame for stream ID 1 with length 357 and flags "NONE".
12/04/2024 16:51:51.516 -06:00  [VRB]  Connection id "0HN2R8BM72JE3" sending "DATA" frame for stream ID 1 with length 83 and flags "NONE".
12/04/2024 16:51:51.517 -06:00  [INF]  Sending file. Request path: '/index.html'. Physical path: 'C:\Users\victo\Documents\ESCUELA\Servicio Social\Parking\SorteoParking\SorteoEstacionamientos\SorteoEstacionamientos\Client\wwwroot\index.html'
12/04/2024 16:51:51.525 -06:00  [INF]  Executed endpoint 'Fallback {*path:nonfile}'
12/04/2024 16:51:51.527 -06:00  [INF]  HTTP GET /index.html responded 200 in 307.7222 ms
12/04/2024 16:51:51.530 -06:00  [DBG]  Response markup was updated to include browser refresh script injection.
12/04/2024 16:51:51.533 -06:00  [VRB]  Connection id "0HN2R8BM72JE3" sending "DATA" frame for stream ID 1 with length 0 and flags "END_STREAM".
12/04/2024 16:51:51.533 -06:00  [INF]  Request finished HTTP/2 GET https://localhost:7173/index.html - 200 null text/html 512.8696ms
12/04/2024 16:51:51.582 -06:00  [VRB]  Connection id "0HN2R8BM72JE3" received "HEADERS" frame for stream ID 3 with length 103 and flags "END_STREAM, END_HEADERS, PRIORITY".
12/04/2024 16:51:51.584 -06:00  [VRB]  Connection id "0HN2R8BM72JE3" received "HEADERS" frame for stream ID 5 with length 89 and flags "END_STREAM, END_HEADERS, PRIORITY".
12/04/2024 16:51:51.584 -06:00  [VRB]  Connection id "0HN2R8BM72JE3" received "HEADERS" frame for stream ID 7 with length 61 and flags "END_STREAM, END_HEADERS, PRIORITY".
12/04/2024 16:51:51.584 -06:00  [INF]  Request starting HTTP/2 GET https://localhost:7173/_framework/aspnetcore-browser-refresh.js - null null
12/04/2024 16:51:51.587 -06:00  [INF]  Request starting HTTP/2 GET https://localhost:7173/_framework/blazor.webassembly.js - null null
12/04/2024 16:51:51.593 -06:00  [VRB]  All hosts are allowed.
12/04/2024 16:51:51.593 -06:00  [VRB]  Connection id "0HN2R8BM72JE3" sending "HEADERS" frame for stream ID 3 with length 60 and flags "END_HEADERS".
12/04/2024 16:51:51.594 -06:00  [VRB]  Connection id "0HN2R8BM72JE3" sending "DATA" frame for stream ID 3 with length 13794 and flags "NONE".
12/04/2024 16:51:51.587 -06:00  [INF]  Request starting HTTP/2 GET https://localhost:7173/_vs/browserLink - null null
12/04/2024 16:51:51.593 -06:00  [DBG]  The request path  does not match the path filter
12/04/2024 16:51:51.598 -06:00  [VRB]  Range header's value is empty.
12/04/2024 16:51:51.599 -06:00  [VRB]  Connection id "0HN2R8BM72JE3" sending "DATA" frame for stream ID 3 with length 0 and flags "END_STREAM".
12/04/2024 16:51:51.598 -06:00  [INF]  Request finished HTTP/2 GET https://localhost:7173/_framework/aspnetcore-browser-refresh.js - 200 13794 application/javascript; charset=utf-8 14.6803ms
12/04/2024 16:51:51.608 -06:00  [VRB]  Connection id "0HN2R8BM72JE3" sending "HEADERS" frame for stream ID 7 with length 149 and flags "END_HEADERS".
12/04/2024 16:51:51.608 -06:00  [VRB]  Connection id "0HN2R8BM72JE3" sending "DATA" frame for stream ID 7 with length 9986 and flags "NONE".
12/04/2024 16:51:51.599 -06:00  [INF]  The file /_framework/blazor.webassembly.js.gz was not modified
12/04/2024 16:51:51.608 -06:00  [VRB]  Connection id "0HN2R8BM72JE3" sending "DATA" frame for stream ID 7 with length 10240 and flags "NONE".
12/04/2024 16:51:51.608 -06:00  [DBG]  Handled. Status code: 304 File: /_framework/blazor.webassembly.js.gz
12/04/2024 16:51:51.610 -06:00  [VRB]  Connection id "0HN2R8BM72JE3" sending "DATA" frame for stream ID 7 with length 10240 and flags "NONE".
12/04/2024 16:51:51.611 -06:00  [VRB]  Connection id "0HN2R8BM72JE3" sending "DATA" frame for stream ID 7 with length 10240 and flags "NONE".
12/04/2024 16:51:51.610 -06:00  [INF]  HTTP GET /_framework/blazor.webassembly.js.gz responded 304 in 11.8281 ms
12/04/2024 16:51:51.613 -06:00  [VRB]  Connection id "0HN2R8BM72JE3" sending "HEADERS" frame for stream ID 5 with length 204 and flags "END_STREAM, END_HEADERS".
12/04/2024 16:51:51.613 -06:00  [VRB]  Connection id "0HN2R8BM72JE3" sending "DATA" frame for stream ID 7 with length 10240 and flags "NONE".
12/04/2024 16:51:51.614 -06:00  [VRB]  Connection id "0HN2R8BM72JE3" sending "DATA" frame for stream ID 7 with length 10240 and flags "NONE".
12/04/2024 16:51:51.616 -06:00  [VRB]  Connection id "0HN2R8BM72JE3" sending "DATA" frame for stream ID 7 with length 10240 and flags "NONE".
12/04/2024 16:51:51.612 -06:00  [INF]  Request finished HTTP/2 GET https://localhost:7173/_framework/blazor.webassembly.js.gz - 304 null text/javascript 25.0423ms
12/04/2024 16:51:51.616 -06:00  [VRB]  Connection id "0HN2R8BM72JE3" sending "DATA" frame for stream ID 7 with length 10240 and flags "NONE".
12/04/2024 16:51:51.617 -06:00  [VRB]  Connection id "0HN2R8BM72JE3" sending "DATA" frame for stream ID 7 with length 10240 and flags "NONE".
12/04/2024 16:51:51.618 -06:00  [VRB]  Connection id "0HN2R8BM72JE3" sending "DATA" frame for stream ID 7 with length 10240 and flags "NONE".
12/04/2024 16:51:51.618 -06:00  [VRB]  Connection id "0HN2R8BM72JE3" sending "DATA" frame for stream ID 7 with length 10240 and flags "NONE".
12/04/2024 16:51:51.619 -06:00  [VRB]  Connection id "0HN2R8BM72JE3" sending "DATA" frame for stream ID 7 with length 10240 and flags "NONE".
12/04/2024 16:51:51.619 -06:00  [VRB]  Connection id "0HN2R8BM72JE3" sending "DATA" frame for stream ID 7 with length 10240 and flags "NONE".
12/04/2024 16:51:51.620 -06:00  [VRB]  Connection id "0HN2R8BM72JE3" sending "DATA" frame for stream ID 7 with length 10240 and flags "NONE".
12/04/2024 16:51:51.620 -06:00  [VRB]  Connection id "0HN2R8BM72JE3" sending "DATA" frame for stream ID 7 with length 10240 and flags "NONE".
12/04/2024 16:51:51.620 -06:00  [VRB]  Connection id "0HN2R8BM72JE3" sending "DATA" frame for stream ID 7 with length 160 and flags "NONE".
12/04/2024 16:51:51.621 -06:00  [VRB]  Connection id "0HN2R8BM72JE3" sending "DATA" frame for stream ID 7 with length 0 and flags "END_STREAM".
12/04/2024 16:51:51.649 -06:00  [VRB]  Connection id "0HN2R8BM72JE3" received "HEADERS" frame for stream ID 9 with length 150 and flags "END_STREAM, END_HEADERS, PRIORITY".
12/04/2024 16:51:51.621 -06:00  [INF]  Request finished HTTP/2 GET https://localhost:7173/_vs/browserLink - 200 null text/javascript; charset=UTF-8 33.5029ms
12/04/2024 16:51:51.649 -06:00  [INF]  Request starting HTTP/2 GET https://localhost:7173/_framework/dotnet.js - null null
12/04/2024 16:51:51.652 -06:00  [VRB]  All hosts are allowed.
12/04/2024 16:51:51.652 -06:00  [DBG]  The request path  does not match the path filter
12/04/2024 16:51:51.653 -06:00  [DBG]  The request has an origin header: 'https://localhost:7173'.
12/04/2024 16:51:51.655 -06:00  [INF]  CORS policy execution successful.
12/04/2024 16:51:51.657 -06:00  [VRB]  Range header's value is empty.
12/04/2024 16:51:51.657 -06:00  [INF]  The file /_framework/dotnet.js.gz was not modified
12/04/2024 16:51:51.659 -06:00  [DBG]  Handled. Status code: 304 File: /_framework/dotnet.js.gz
12/04/2024 16:51:51.660 -06:00  [INF]  HTTP GET /_framework/dotnet.js.gz responded 304 in 4.9238 ms
12/04/2024 16:51:51.663 -06:00  [VRB]  Connection id "0HN2R8BM72JE3" sending "HEADERS" frame for stream ID 9 with length 64 and flags "END_STREAM, END_HEADERS".
12/04/2024 16:51:51.663 -06:00  [INF]  Request finished HTTP/2 GET https://localhost:7173/_framework/dotnet.js.gz - 304 null text/javascript 13.7547ms
12/04/2024 16:51:51.763 -06:00  [VRB]  Connection id "0HN2R8BM72JE3" received "HEADERS" frame for stream ID 11 with length 100 and flags "END_STREAM, END_HEADERS, PRIORITY".
12/04/2024 16:51:51.764 -06:00  [INF]  Request starting HTTP/2 GET https://localhost:7173/_framework/blazor.boot.json - null null
12/04/2024 16:51:51.769 -06:00  [VRB]  All hosts are allowed.
12/04/2024 16:51:51.770 -06:00  [DBG]  The request path  does not match the path filter
12/04/2024 16:51:51.772 -06:00  [VRB]  Range header's value is empty.
12/04/2024 16:51:51.772 -06:00  [INF]  The file /_framework/blazor.boot.json.gz was not modified
12/04/2024 16:51:51.774 -06:00  [DBG]  Handled. Status code: 304 File: /_framework/blazor.boot.json.gz
12/04/2024 16:51:51.775 -06:00  [INF]  HTTP GET /_framework/blazor.boot.json.gz responded 304 in 4.4893 ms
12/04/2024 16:51:51.777 -06:00  [VRB]  Connection id "0HN2R8BM72JE3" sending "HEADERS" frame for stream ID 11 with length 78 and flags "END_STREAM, END_HEADERS".
12/04/2024 16:51:51.812 -06:00  [VRB]  Connection id "0HN2R8BM72JE3" received "HEADERS" frame for stream ID 13 with length 108 and flags "END_STREAM, END_HEADERS, PRIORITY".
12/04/2024 16:51:51.812 -06:00  [VRB]  Connection id "0HN2R8BM72JE3" received "HEADERS" frame for stream ID 15 with length 75 and flags "END_STREAM, END_HEADERS, PRIORITY".
12/04/2024 16:51:51.777 -06:00  [INF]  Request finished HTTP/2 GET https://localhost:7173/_framework/blazor.boot.json.gz - 304 null application/json 13.2793ms
12/04/2024 16:51:51.813 -06:00  [INF]  Request starting HTTP/2 GET https://localhost:7173/_framework/dotnet.runtime.8.0.1.pwzfmm7sns.js - null null
12/04/2024 16:51:51.834 -06:00  [VRB]  All hosts are allowed.
12/04/2024 16:51:51.814 -06:00  [INF]  Request starting HTTP/2 GET https://localhost:7173/_framework/dotnet.native.8.0.1.ursf4poacj.js - null null
12/04/2024 16:51:51.837 -06:00  [VRB]  All hosts are allowed.
12/04/2024 16:51:51.835 -06:00  [DBG]  The request path  does not match the path filter
12/04/2024 16:51:51.838 -06:00  [DBG]  The request has an origin header: 'https://localhost:7173'.
12/04/2024 16:51:51.837 -06:00  [DBG]  The request path  does not match the path filter
12/04/2024 16:51:51.846 -06:00  [INF]  CORS policy execution successful.
12/04/2024 16:51:51.862 -06:00  [VRB]  Range header's value is empty.
12/04/2024 16:51:51.856 -06:00  [DBG]  The request has an origin header: 'https://localhost:7173'.
12/04/2024 16:51:51.868 -06:00  [INF]  CORS policy execution successful.
12/04/2024 16:51:51.862 -06:00  [INF]  The file /_framework/dotnet.runtime.8.0.1.pwzfmm7sns.js.gz was not modified
12/04/2024 16:51:51.884 -06:00  [DBG]  Handled. Status code: 304 File: /_framework/dotnet.runtime.8.0.1.pwzfmm7sns.js.gz
12/04/2024 16:51:51.905 -06:00  [VRB]  Range header's value is empty.
12/04/2024 16:51:51.886 -06:00  [INF]  HTTP GET /_framework/dotnet.runtime.8.0.1.pwzfmm7sns.js.gz responded 304 in 26.3617 ms
12/04/2024 16:51:51.905 -06:00  [INF]  The file /_framework/dotnet.native.8.0.1.ursf4poacj.js.gz was not modified
12/04/2024 16:51:51.963 -06:00  [DBG]  Handled. Status code: 304 File: /_framework/dotnet.native.8.0.1.ursf4poacj.js.gz
12/04/2024 16:51:51.967 -06:00  [VRB]  Connection id "0HN2R8BM72JE3" sending "HEADERS" frame for stream ID 13 with length 32 and flags "END_STREAM, END_HEADERS".
12/04/2024 16:51:51.963 -06:00  [INF]  Request finished HTTP/2 GET https://localhost:7173/_framework/dotnet.runtime.8.0.1.pwzfmm7sns.js.gz - 304 null text/javascript 147.1402ms
12/04/2024 16:51:51.965 -06:00  [INF]  HTTP GET /_framework/dotnet.native.8.0.1.ursf4poacj.js.gz responded 304 in 90.1110 ms
12/04/2024 16:51:51.972 -06:00  [VRB]  Connection id "0HN2R8BM72JE3" sending "HEADERS" frame for stream ID 15 with length 32 and flags "END_STREAM, END_HEADERS".
12/04/2024 16:51:51.970 -06:00  [INF]  Request finished HTTP/2 GET https://localhost:7173/_framework/dotnet.native.8.0.1.ursf4poacj.js.gz - 304 null text/javascript 156.1673ms
12/04/2024 16:51:52.485 -06:00  [VRB]  Connection id "0HN2R8BM72JE3" received "HEADERS" frame for stream ID 17 with length 99 and flags "END_STREAM, END_HEADERS, PRIORITY".
12/04/2024 16:51:52.486 -06:00  [INF]  Request starting HTTP/2 GET https://localhost:7173/_framework/blazor-hotreload.js - null null
12/04/2024 16:51:52.489 -06:00  [VRB]  Connection id "0HN2R8BM72JE3" sending "HEADERS" frame for stream ID 17 with length 11 and flags "END_HEADERS".
12/04/2024 16:51:52.489 -06:00  [VRB]  Connection id "0HN2R8BM72JE3" sending "DATA" frame for stream ID 17 with length 574 and flags "END_STREAM".
12/04/2024 16:51:52.489 -06:00  [INF]  Request finished HTTP/2 GET https://localhost:7173/_framework/blazor-hotreload.js - 200 574 application/javascript; charset=utf-8 2.9859ms
12/04/2024 16:51:52.510 -06:00  [VRB]  Connection id "0HN2R8BM72JE3" received "HEADERS" frame for stream ID 19 with length 46 and flags "END_STREAM, END_HEADERS, PRIORITY".
12/04/2024 16:51:52.511 -06:00  [INF]  Request starting HTTP/2 GET https://localhost:7173/_framework/blazor-hotreload - null null
12/04/2024 16:51:52.519 -06:00  [VRB]  Connection id "0HN2R8BM72JE3" sending "HEADERS" frame for stream ID 19 with length 3 and flags "END_STREAM, END_HEADERS".
12/04/2024 16:51:52.519 -06:00  [INF]  Request finished HTTP/2 GET https://localhost:7173/_framework/blazor-hotreload - 204 null null 8.2826ms
12/04/2024 16:51:53.535 -06:00  [DBG]  Connection id "0HN2R8BM72JE3" received FIN.
12/04/2024 16:51:53.540 -06:00  [DBG]  The connection queue processing loop for 0HN2R8BM72JE3 completed.
12/04/2024 16:51:53.540 -06:00  [DBG]  Connection id "0HN2R8BM72JE3" is closed. The last processed stream ID was 19.
12/04/2024 16:51:53.547 -06:00  [DBG]  Connection id "0HN2R8BM72JE3" sending FIN because: "The Socket transport's send loop completed gracefully."
12/04/2024 16:51:53.564 -06:00  [DBG]  Connection id "0HN2R8BM72JE3" stopped.
12/04/2024 16:51:54.644 -06:00  [DBG]  Connection id "0HN2R8BM72JE4" accepted.
12/04/2024 16:51:54.660 -06:00  [DBG]  Connection id "0HN2R8BM72JE4" started.
12/04/2024 16:51:54.665 -06:00  [DBG]  Connection 0HN2R8BM72JE4 established using the following protocol: "Tls12"
12/04/2024 16:51:54.668 -06:00  [VRB]  Connection id "0HN2R8BM72JE4" sending "SETTINGS" frame for stream ID 0 with length 24 and flags "NONE".
12/04/2024 16:51:54.669 -06:00  [VRB]  Connection id "0HN2R8BM72JE4" sending "WINDOW_UPDATE" frame for stream ID 0 with length 4 and flags 0x0.
12/04/2024 16:51:54.669 -06:00  [VRB]  Connection id "0HN2R8BM72JE4" received "SETTINGS" frame for stream ID 0 with length 24 and flags "NONE".
12/04/2024 16:51:54.669 -06:00  [VRB]  Connection id "0HN2R8BM72JE4" sending "SETTINGS" frame for stream ID 0 with length 0 and flags "ACK".
12/04/2024 16:51:54.669 -06:00  [VRB]  Connection id "0HN2R8BM72JE4" received "WINDOW_UPDATE" frame for stream ID 0 with length 4 and flags 0x0.
12/04/2024 16:51:54.669 -06:00  [VRB]  Connection id "0HN2R8BM72JE4" received "HEADERS" frame for stream ID 1 with length 462 and flags "END_STREAM, END_HEADERS, PRIORITY".
12/04/2024 16:51:54.671 -06:00  [VRB]  Connection id "0HN2R8BM72JE4" received "SETTINGS" frame for stream ID 0 with length 0 and flags "ACK".
12/04/2024 16:51:54.672 -06:00  [INF]  Request starting HTTP/2 GET https://localhost:7173/service-worker.js - null null
12/04/2024 16:51:54.677 -06:00  [VRB]  All hosts are allowed.
12/04/2024 16:51:54.678 -06:00  [DBG]  The request path  does not match the path filter
12/04/2024 16:51:54.680 -06:00  [VRB]  Range header's value is empty.
12/04/2024 16:51:54.680 -06:00  [INF]  The file /service-worker.js was not modified
12/04/2024 16:51:54.683 -06:00  [DBG]  Handled. Status code: 304 File: /service-worker.js
12/04/2024 16:51:54.685 -06:00  [INF]  HTTP GET /service-worker.js responded 304 in 5.8207 ms
12/04/2024 16:51:54.688 -06:00  [VRB]  Connection id "0HN2R8BM72JE4" sending "HEADERS" frame for stream ID 1 with length 115 and flags "END_STREAM, END_HEADERS".
12/04/2024 16:51:54.688 -06:00  [INF]  Request finished HTTP/2 GET https://localhost:7173/service-worker.js - 304 null text/javascript 17.5391ms
12/04/2024 16:52:03.557 -06:00  [DBG]  Connection id "0HN2R8BM72JE4" received FIN.
12/04/2024 16:52:03.561 -06:00  [DBG]  Connection id "0HN2R8BM72JE4" is closed. The last processed stream ID was 1.
12/04/2024 16:52:03.562 -06:00  [DBG]  The connection queue processing loop for 0HN2R8BM72JE4 completed.
12/04/2024 16:52:03.567 -06:00  [DBG]  Connection id "0HN2R8BM72JE4" sending FIN because: "The Socket transport's send loop completed gracefully."
12/04/2024 16:52:03.586 -06:00  [DBG]  Connection id "0HN2R8BM72JE4" stopped.
12/04/2024 16:52:14.550 -06:00  [DBG]  Connection id "0HN2R8BM72JE5" accepted.
12/04/2024 16:52:14.556 -06:00  [DBG]  Connection id "0HN2R8BM72JE5" started.
12/04/2024 16:52:14.562 -06:00  [DBG]  Connection 0HN2R8BM72JE5 established using the following protocol: "Tls12"
12/04/2024 16:52:14.571 -06:00  [VRB]  Connection id "0HN2R8BM72JE5" sending "SETTINGS" frame for stream ID 0 with length 24 and flags "NONE".
12/04/2024 16:52:14.571 -06:00  [VRB]  Connection id "0HN2R8BM72JE5" sending "WINDOW_UPDATE" frame for stream ID 0 with length 4 and flags 0x0.
12/04/2024 16:52:14.571 -06:00  [VRB]  Connection id "0HN2R8BM72JE5" received "SETTINGS" frame for stream ID 0 with length 24 and flags "NONE".
12/04/2024 16:52:14.571 -06:00  [VRB]  Connection id "0HN2R8BM72JE5" sending "SETTINGS" frame for stream ID 0 with length 0 and flags "ACK".
12/04/2024 16:52:14.572 -06:00  [VRB]  Connection id "0HN2R8BM72JE5" received "WINDOW_UPDATE" frame for stream ID 0 with length 4 and flags 0x0.
12/04/2024 16:52:14.572 -06:00  [VRB]  Connection id "0HN2R8BM72JE5" received "HEADERS" frame for stream ID 1 with length 586 and flags "END_STREAM, END_HEADERS, PRIORITY".
12/04/2024 16:52:14.575 -06:00  [VRB]  Connection id "0HN2R8BM72JE5" received "SETTINGS" frame for stream ID 0 with length 0 and flags "ACK".
12/04/2024 16:52:14.575 -06:00  [INF]  Request starting HTTP/2 GET https://localhost:7173/colores - null null
12/04/2024 16:52:14.586 -06:00  [VRB]  All hosts are allowed.
12/04/2024 16:52:14.586 -06:00  [DBG]  The request path  does not match the path filter
12/04/2024 16:52:14.587 -06:00  [DBG]  The request path /colores does not match a supported file type
12/04/2024 16:52:14.592 -06:00  [DBG]  1 candidate(s) found for the request path '/colores'
12/04/2024 16:52:14.593 -06:00  [DBG]  Endpoint 'Fallback {*path:nonfile}' with route pattern '{*path:nonfile}' is valid for the request path '/colores'
12/04/2024 16:52:14.597 -06:00  [DBG]  Request matched endpoint 'Fallback {*path:nonfile}'
12/04/2024 16:52:14.599 -06:00  [DBG]  Matched endpoint 'Fallback {*path:nonfile}' is a fallback endpoint.
12/04/2024 16:52:14.600 -06:00  [VRB]  The endpoint does not specify the IRequestSizeLimitMetadata.
12/04/2024 16:52:14.602 -06:00  [DBG]  AuthenticationScheme: Bearer was not authenticated.
12/04/2024 16:52:14.607 -06:00  [INF]  Executing endpoint 'Fallback {*path:nonfile}'
12/04/2024 16:52:14.609 -06:00  [VRB]  Range header's value is empty.
12/04/2024 16:52:14.609 -06:00  [DBG]  Response markup is scheduled to include browser refresh script injection.
12/04/2024 16:52:14.610 -06:00  [VRB]  Connection id "0HN2R8BM72JE5" sending "HEADERS" frame for stream ID 1 with length 109 and flags "END_HEADERS".
12/04/2024 16:52:14.611 -06:00  [VRB]  Connection id "0HN2R8BM72JE5" sending "DATA" frame for stream ID 1 with length 5559 and flags "NONE".
12/04/2024 16:52:14.613 -06:00  [VRB]  Connection id "0HN2R8BM72JE5" sending "DATA" frame for stream ID 1 with length 440 and flags "NONE".
12/04/2024 16:52:14.614 -06:00  [INF]  Sending file. Request path: '/index.html'. Physical path: 'C:\Users\victo\Documents\ESCUELA\Servicio Social\Parking\SorteoParking\SorteoEstacionamientos\SorteoEstacionamientos\Client\wwwroot\index.html'
12/04/2024 16:52:14.617 -06:00  [INF]  Executed endpoint 'Fallback {*path:nonfile}'
12/04/2024 16:52:14.619 -06:00  [INF]  HTTP GET /index.html responded 200 in 31.5430 ms
12/04/2024 16:52:14.658 -06:00  [DBG]  Response markup was updated to include browser refresh script injection.
12/04/2024 16:52:14.660 -06:00  [VRB]  Connection id "0HN2R8BM72JE5" sending "DATA" frame for stream ID 1 with length 0 and flags "END_STREAM".
12/04/2024 16:52:14.660 -06:00  [INF]  Request finished HTTP/2 GET https://localhost:7173/index.html - 200 null text/html 85.2081ms
12/04/2024 16:52:14.697 -06:00  [VRB]  Connection id "0HN2R8BM72JE5" received "HEADERS" frame for stream ID 3 with length 104 and flags "END_STREAM, END_HEADERS, PRIORITY".
12/04/2024 16:52:14.697 -06:00  [VRB]  Connection id "0HN2R8BM72JE5" received "HEADERS" frame for stream ID 5 with length 89 and flags "END_STREAM, END_HEADERS, PRIORITY".
12/04/2024 16:52:14.697 -06:00  [VRB]  Connection id "0HN2R8BM72JE5" received "HEADERS" frame for stream ID 7 with length 61 and flags "END_STREAM, END_HEADERS, PRIORITY".
12/04/2024 16:52:14.697 -06:00  [INF]  Request starting HTTP/2 GET https://localhost:7173/_framework/aspnetcore-browser-refresh.js - null null
12/04/2024 16:52:14.704 -06:00  [VRB]  Connection id "0HN2R8BM72JE5" sending "HEADERS" frame for stream ID 3 with length 60 and flags "END_HEADERS".
12/04/2024 16:52:14.704 -06:00  [VRB]  Connection id "0HN2R8BM72JE5" sending "DATA" frame for stream ID 3 with length 13794 and flags "NONE".
12/04/2024 16:52:14.707 -06:00  [VRB]  Connection id "0HN2R8BM72JE5" sending "DATA" frame for stream ID 3 with length 0 and flags "END_STREAM".
12/04/2024 16:52:14.698 -06:00  [INF]  Request starting HTTP/2 GET https://localhost:7173/_framework/blazor.webassembly.js - null null
12/04/2024 16:52:14.710 -06:00  [VRB]  All hosts are allowed.
12/04/2024 16:52:14.700 -06:00  [INF]  Request starting HTTP/2 GET https://localhost:7173/_vs/browserLink - null null
12/04/2024 16:52:14.705 -06:00  [INF]  Request finished HTTP/2 GET https://localhost:7173/_framework/aspnetcore-browser-refresh.js - 200 13794 application/javascript; charset=utf-8 7.1449ms
12/04/2024 16:52:14.711 -06:00  [DBG]  The request path  does not match the path filter
12/04/2024 16:52:14.717 -06:00  [VRB]  Range header's value is empty.
12/04/2024 16:52:14.717 -06:00  [INF]  The file /_framework/blazor.webassembly.js.gz was not modified
12/04/2024 16:52:14.719 -06:00  [DBG]  Handled. Status code: 304 File: /_framework/blazor.webassembly.js.gz
12/04/2024 16:52:14.720 -06:00  [VRB]  Connection id "0HN2R8BM72JE5" sending "HEADERS" frame for stream ID 7 with length 149 and flags "END_HEADERS".
12/04/2024 16:52:14.720 -06:00  [VRB]  Connection id "0HN2R8BM72JE5" sending "DATA" frame for stream ID 7 with length 9986 and flags "NONE".
12/04/2024 16:52:14.721 -06:00  [VRB]  Connection id "0HN2R8BM72JE5" sending "DATA" frame for stream ID 7 with length 10240 and flags "NONE".
12/04/2024 16:52:14.720 -06:00  [INF]  HTTP GET /_framework/blazor.webassembly.js.gz responded 304 in 3.4770 ms
12/04/2024 16:52:14.726 -06:00  [VRB]  Connection id "0HN2R8BM72JE5" sending "HEADERS" frame for stream ID 5 with length 204 and flags "END_STREAM, END_HEADERS".
12/04/2024 16:52:14.729 -06:00  [VRB]  Connection id "0HN2R8BM72JE5" sending "DATA" frame for stream ID 7 with length 10240 and flags "NONE".
12/04/2024 16:52:14.730 -06:00  [VRB]  Connection id "0HN2R8BM72JE5" sending "DATA" frame for stream ID 7 with length 10240 and flags "NONE".
12/04/2024 16:52:14.730 -06:00  [VRB]  Connection id "0HN2R8BM72JE5" sending "DATA" frame for stream ID 7 with length 10240 and flags "NONE".
12/04/2024 16:52:14.725 -06:00  [INF]  Request finished HTTP/2 GET https://localhost:7173/_framework/blazor.webassembly.js.gz - 304 null text/javascript 27.8527ms
12/04/2024 16:52:14.731 -06:00  [VRB]  Connection id "0HN2R8BM72JE5" sending "DATA" frame for stream ID 7 with length 10240 and flags "NONE".
12/04/2024 16:52:14.731 -06:00  [VRB]  Connection id "0HN2R8BM72JE5" sending "DATA" frame for stream ID 7 with length 10240 and flags "NONE".
12/04/2024 16:52:14.732 -06:00  [VRB]  Connection id "0HN2R8BM72JE5" sending "DATA" frame for stream ID 7 with length 10240 and flags "NONE".
12/04/2024 16:52:14.732 -06:00  [VRB]  Connection id "0HN2R8BM72JE5" sending "DATA" frame for stream ID 7 with length 10240 and flags "NONE".
12/04/2024 16:52:14.733 -06:00  [VRB]  Connection id "0HN2R8BM72JE5" sending "DATA" frame for stream ID 7 with length 10240 and flags "NONE".
12/04/2024 16:52:14.733 -06:00  [VRB]  Connection id "0HN2R8BM72JE5" sending "DATA" frame for stream ID 7 with length 10240 and flags "NONE".
12/04/2024 16:52:14.734 -06:00  [VRB]  Connection id "0HN2R8BM72JE5" sending "DATA" frame for stream ID 7 with length 10240 and flags "NONE".
12/04/2024 16:52:14.734 -06:00  [VRB]  Connection id "0HN2R8BM72JE5" sending "DATA" frame for stream ID 7 with length 10240 and flags "NONE".
12/04/2024 16:52:14.735 -06:00  [VRB]  Connection id "0HN2R8BM72JE5" sending "DATA" frame for stream ID 7 with length 10240 and flags "NONE".
12/04/2024 16:52:14.735 -06:00  [VRB]  Connection id "0HN2R8BM72JE5" sending "DATA" frame for stream ID 7 with length 10240 and flags "NONE".
12/04/2024 16:52:14.736 -06:00  [VRB]  Connection id "0HN2R8BM72JE5" sending "DATA" frame for stream ID 7 with length 160 and flags "NONE".
12/04/2024 16:52:14.736 -06:00  [VRB]  Connection id "0HN2R8BM72JE5" sending "DATA" frame for stream ID 7 with length 0 and flags "END_STREAM".
12/04/2024 16:52:14.736 -06:00  [INF]  Request finished HTTP/2 GET https://localhost:7173/_vs/browserLink - 200 null text/javascript; charset=UTF-8 36.0223ms
12/04/2024 16:52:14.760 -06:00  [VRB]  Connection id "0HN2R8BM72JE5" received "HEADERS" frame for stream ID 9 with length 150 and flags "END_STREAM, END_HEADERS, PRIORITY".
12/04/2024 16:52:14.761 -06:00  [INF]  Request starting HTTP/2 GET https://localhost:7173/_framework/dotnet.js - null null
12/04/2024 16:52:14.768 -06:00  [VRB]  All hosts are allowed.
12/04/2024 16:52:14.768 -06:00  [DBG]  The request path  does not match the path filter
12/04/2024 16:52:14.769 -06:00  [DBG]  The request has an origin header: 'https://localhost:7173'.
12/04/2024 16:52:14.770 -06:00  [INF]  CORS policy execution successful.
12/04/2024 16:52:14.775 -06:00  [VRB]  Range header's value is empty.
12/04/2024 16:52:14.775 -06:00  [INF]  The file /_framework/dotnet.js.gz was not modified
12/04/2024 16:52:14.777 -06:00  [DBG]  Handled. Status code: 304 File: /_framework/dotnet.js.gz
12/04/2024 16:52:14.778 -06:00  [INF]  HTTP GET /_framework/dotnet.js.gz responded 304 in 6.4951 ms
12/04/2024 16:52:14.780 -06:00  [VRB]  Connection id "0HN2R8BM72JE5" sending "HEADERS" frame for stream ID 9 with length 64 and flags "END_STREAM, END_HEADERS".
12/04/2024 16:52:14.780 -06:00  [INF]  Request finished HTTP/2 GET https://localhost:7173/_framework/dotnet.js.gz - 304 null text/javascript 19.5695ms
12/04/2024 16:52:14.828 -06:00  [VRB]  Connection id "0HN2R8BM72JE5" received "HEADERS" frame for stream ID 11 with length 100 and flags "END_STREAM, END_HEADERS, PRIORITY".
12/04/2024 16:52:14.829 -06:00  [INF]  Request starting HTTP/2 GET https://localhost:7173/_framework/blazor.boot.json - null null
12/04/2024 16:52:14.837 -06:00  [VRB]  All hosts are allowed.
12/04/2024 16:52:14.837 -06:00  [DBG]  The request path  does not match the path filter
12/04/2024 16:52:14.843 -06:00  [VRB]  Range header's value is empty.
12/04/2024 16:52:14.843 -06:00  [INF]  The file /_framework/blazor.boot.json.gz was not modified
12/04/2024 16:52:14.853 -06:00  [DBG]  Handled. Status code: 304 File: /_framework/blazor.boot.json.gz
12/04/2024 16:52:14.855 -06:00  [INF]  HTTP GET /_framework/blazor.boot.json.gz responded 304 in 15.4232 ms
12/04/2024 16:52:14.858 -06:00  [VRB]  Connection id "0HN2R8BM72JE5" sending "HEADERS" frame for stream ID 11 with length 78 and flags "END_STREAM, END_HEADERS".
12/04/2024 16:52:14.858 -06:00  [INF]  Request finished HTTP/2 GET https://localhost:7173/_framework/blazor.boot.json.gz - 304 null application/json 29.1179ms
12/04/2024 16:52:14.889 -06:00  [VRB]  Connection id "0HN2R8BM72JE5" received "HEADERS" frame for stream ID 13 with length 108 and flags "END_STREAM, END_HEADERS, PRIORITY".
12/04/2024 16:52:14.896 -06:00  [VRB]  Connection id "0HN2R8BM72JE5" received "HEADERS" frame for stream ID 15 with length 75 and flags "END_STREAM, END_HEADERS, PRIORITY".
12/04/2024 16:52:14.928 -06:00  [INF]  Request starting HTTP/2 GET https://localhost:7173/_framework/dotnet.native.8.0.1.ursf4poacj.js - null null
12/04/2024 16:52:14.933 -06:00  [VRB]  All hosts are allowed.
12/04/2024 16:52:14.928 -06:00  [INF]  Request starting HTTP/2 GET https://localhost:7173/_framework/dotnet.runtime.8.0.1.pwzfmm7sns.js - null null
12/04/2024 16:52:14.934 -06:00  [VRB]  All hosts are allowed.
12/04/2024 16:52:14.934 -06:00  [DBG]  The request path  does not match the path filter
12/04/2024 16:52:14.934 -06:00  [DBG]  The request path  does not match the path filter
12/04/2024 16:52:14.937 -06:00  [DBG]  The request has an origin header: 'https://localhost:7173'.
12/04/2024 16:52:14.944 -06:00  [INF]  CORS policy execution successful.
12/04/2024 16:52:14.947 -06:00  [VRB]  Range header's value is empty.
12/04/2024 16:52:14.940 -06:00  [DBG]  The request has an origin header: 'https://localhost:7173'.
12/04/2024 16:52:14.949 -06:00  [INF]  CORS policy execution successful.
12/04/2024 16:52:14.954 -06:00  [VRB]  Range header's value is empty.
12/04/2024 16:52:14.947 -06:00  [INF]  The file /_framework/dotnet.runtime.8.0.1.pwzfmm7sns.js.gz was not modified
12/04/2024 16:52:14.954 -06:00  [INF]  The file /_framework/dotnet.native.8.0.1.ursf4poacj.js.gz was not modified
12/04/2024 16:52:14.956 -06:00  [DBG]  Handled. Status code: 304 File: /_framework/dotnet.runtime.8.0.1.pwzfmm7sns.js.gz
12/04/2024 16:52:14.960 -06:00  [DBG]  Handled. Status code: 304 File: /_framework/dotnet.native.8.0.1.ursf4poacj.js.gz
12/04/2024 16:52:14.975 -06:00  [INF]  HTTP GET /_framework/dotnet.native.8.0.1.ursf4poacj.js.gz responded 304 in 22.8015 ms
12/04/2024 16:52:14.988 -06:00  [VRB]  Connection id "0HN2R8BM72JE5" sending "HEADERS" frame for stream ID 15 with length 32 and flags "END_STREAM, END_HEADERS".
12/04/2024 16:52:14.965 -06:00  [INF]  HTTP GET /_framework/dotnet.runtime.8.0.1.pwzfmm7sns.js.gz responded 304 in 19.4215 ms
12/04/2024 16:52:14.990 -06:00  [VRB]  Connection id "0HN2R8BM72JE5" sending "HEADERS" frame for stream ID 13 with length 32 and flags "END_STREAM, END_HEADERS".
12/04/2024 16:52:14.983 -06:00  [INF]  Request finished HTTP/2 GET https://localhost:7173/_framework/dotnet.native.8.0.1.ursf4poacj.js.gz - 304 null text/javascript 54.9257ms
12/04/2024 16:52:14.989 -06:00  [INF]  Request finished HTTP/2 GET https://localhost:7173/_framework/dotnet.runtime.8.0.1.pwzfmm7sns.js.gz - 304 null text/javascript 61.2102ms
12/04/2024 16:52:15.437 -06:00  [VRB]  Connection id "0HN2R8BM72JE5" received "HEADERS" frame for stream ID 17 with length 99 and flags "END_STREAM, END_HEADERS, PRIORITY".
12/04/2024 16:52:15.438 -06:00  [INF]  Request starting HTTP/2 GET https://localhost:7173/_framework/blazor-hotreload.js - null null
12/04/2024 16:52:15.441 -06:00  [VRB]  Connection id "0HN2R8BM72JE5" sending "HEADERS" frame for stream ID 17 with length 11 and flags "END_HEADERS".
12/04/2024 16:52:15.441 -06:00  [VRB]  Connection id "0HN2R8BM72JE5" sending "DATA" frame for stream ID 17 with length 574 and flags "END_STREAM".
12/04/2024 16:52:15.441 -06:00  [INF]  Request finished HTTP/2 GET https://localhost:7173/_framework/blazor-hotreload.js - 200 574 application/javascript; charset=utf-8 3.4998ms
12/04/2024 16:52:15.453 -06:00  [VRB]  Connection id "0HN2R8BM72JE5" received "HEADERS" frame for stream ID 19 with length 46 and flags "END_STREAM, END_HEADERS, PRIORITY".
12/04/2024 16:52:15.453 -06:00  [INF]  Request starting HTTP/2 GET https://localhost:7173/_framework/blazor-hotreload - null null
12/04/2024 16:52:15.457 -06:00  [VRB]  Connection id "0HN2R8BM72JE5" sending "HEADERS" frame for stream ID 19 with length 3 and flags "END_STREAM, END_HEADERS".
12/04/2024 16:52:15.457 -06:00  [INF]  Request finished HTTP/2 GET https://localhost:7173/_framework/blazor-hotreload - 204 null null 3.6952ms
12/04/2024 16:52:15.860 -06:00  [VRB]  Connection id "0HN2R8BM72JE5" received "HEADERS" frame for stream ID 21 with length 46 and flags "END_STREAM, END_HEADERS, PRIORITY".
12/04/2024 16:52:15.861 -06:00  [INF]  Request starting HTTP/2 GET https://localhost:7173/api/Colores/filterByStatus/0 - null null
12/04/2024 16:52:15.864 -06:00  [VRB]  All hosts are allowed.
12/04/2024 16:52:15.865 -06:00  [DBG]  The request path  does not match the path filter
12/04/2024 16:52:15.866 -06:00  [DBG]  The request path /api/Colores/filterByStatus/0 does not match a supported file type
12/04/2024 16:52:15.870 -06:00  [DBG]  2 candidate(s) found for the request path '/api/Colores/filterByStatus/0'
12/04/2024 16:52:15.871 -06:00  [DBG]  Endpoint 'SorteoEstacionamientos.Server.CapaDataAccess.Controllers.MduloCatlogos.ColoresController.GetAllDataByStatus (SorteoEstacionamientos.Server)' with route pattern 'api/Colores/filterByStatus/{filterByStatus}' is valid for the request path '/api/Colores/filterByStatus/0'
12/04/2024 16:52:15.876 -06:00  [DBG]  Endpoint 'Fallback {*path:nonfile}' with route pattern '{*path:nonfile}' is valid for the request path '/api/Colores/filterByStatus/0'
12/04/2024 16:52:15.878 -06:00  [DBG]  Request matched endpoint 'SorteoEstacionamientos.Server.CapaDataAccess.Controllers.MduloCatlogos.ColoresController.GetAllDataByStatus (SorteoEstacionamientos.Server)'
12/04/2024 16:52:15.880 -06:00  [VRB]  The endpoint does not specify the IRequestSizeLimitMetadata.
12/04/2024 16:52:15.882 -06:00  [DBG]  AuthenticationScheme: Bearer was not authenticated.
12/04/2024 16:52:15.884 -06:00  [INF]  Executing endpoint 'SorteoEstacionamientos.Server.CapaDataAccess.Controllers.MduloCatlogos.ColoresController.GetAllDataByStatus (SorteoEstacionamientos.Server)'
12/04/2024 16:52:15.943 -06:00  [INF]  Route matched with {action = "GetAllDataByStatus", controller = "Colores", page = ""}. Executing controller action with signature System.Threading.Tasks.Task`1[Microsoft.AspNetCore.Mvc.IActionResult] GetAllDataByStatus(Int16) on controller SorteoEstacionamientos.Server.CapaDataAccess.Controllers.MduloCatlogos.ColoresController (SorteoEstacionamientos.Server).
12/04/2024 16:52:15.948 -06:00  [DBG]  Execution plan of authorization filters (in the following order): ["None"]
12/04/2024 16:52:15.953 -06:00  [DBG]  Execution plan of resource filters (in the following order): ["Microsoft.AspNetCore.Mvc.ViewFeatures.Filters.SaveTempDataFilter"]
12/04/2024 16:52:15.955 -06:00  [DBG]  Execution plan of action filters (in the following order): ["Microsoft.AspNetCore.Mvc.ModelBinding.UnsupportedContentTypeFilter (Order: -3000)","Microsoft.AspNetCore.Mvc.Infrastructure.ModelStateInvalidFilter (Order: -2000)"]
12/04/2024 16:52:15.959 -06:00  [DBG]  Execution plan of exception filters (in the following order): ["None"]
12/04/2024 16:52:15.961 -06:00  [DBG]  Execution plan of result filters (in the following order): ["Microsoft.AspNetCore.Mvc.ViewFeatures.Filters.SaveTempDataFilter","Microsoft.AspNetCore.Mvc.Infrastructure.ClientErrorResultFilter (Order: -2000)"]
12/04/2024 16:52:15.966 -06:00  [VRB]  Resource Filter: Before executing OnResourceExecuting on filter Microsoft.AspNetCore.Mvc.ViewFeatures.Filters.SaveTempDataFilter.
12/04/2024 16:52:15.967 -06:00  [VRB]  Resource Filter: After executing OnResourceExecuting on filter Microsoft.AspNetCore.Mvc.ViewFeatures.Filters.SaveTempDataFilter.
12/04/2024 16:52:15.968 -06:00  [DBG]  Executing controller factory for controller SorteoEstacionamientos.Server.CapaDataAccess.Controllers.MduloCatlogos.ColoresController (SorteoEstacionamientos.Server)
12/04/2024 16:52:16.337 -06:00  [DBG]  An 'IServiceProvider' was created for internal use by Entity Framework.
12/04/2024 16:52:16.391 -06:00  [DBG]  Executed controller factory for controller SorteoEstacionamientos.Server.CapaDataAccess.Controllers.MduloCatlogos.ColoresController (SorteoEstacionamientos.Server)
12/04/2024 16:52:16.418 -06:00  [DBG]  Attempting to bind parameter 'filterByStatus' of type 'System.Int16' ...
12/04/2024 16:52:16.423 -06:00  [DBG]  Attempting to bind parameter 'filterByStatus' of type 'System.Int16' using the name 'filterByStatus' in request data ...
12/04/2024 16:52:16.430 -06:00  [DBG]  Done attempting to bind parameter 'filterByStatus' of type 'System.Int16'.
12/04/2024 16:52:16.432 -06:00  [DBG]  Done attempting to bind parameter 'filterByStatus' of type 'System.Int16'.
12/04/2024 16:52:16.435 -06:00  [DBG]  Attempting to validate the bound parameter 'filterByStatus' of type 'System.Int16' ...
12/04/2024 16:52:16.442 -06:00  [DBG]  Done attempting to validate the bound parameter 'filterByStatus' of type 'System.Int16'.
12/04/2024 16:52:16.450 -06:00  [VRB]  Action Filter: Before executing OnActionExecuting on filter Microsoft.AspNetCore.Mvc.ModelBinding.UnsupportedContentTypeFilter.
12/04/2024 16:52:16.451 -06:00  [VRB]  Action Filter: After executing OnActionExecuting on filter Microsoft.AspNetCore.Mvc.ModelBinding.UnsupportedContentTypeFilter.
12/04/2024 16:52:16.451 -06:00  [VRB]  Action Filter: Before executing OnActionExecuting on filter Microsoft.AspNetCore.Mvc.Infrastructure.ModelStateInvalidFilter.
12/04/2024 16:52:16.451 -06:00  [VRB]  Action Filter: After executing OnActionExecuting on filter Microsoft.AspNetCore.Mvc.Infrastructure.ModelStateInvalidFilter.
12/04/2024 16:52:16.459 -06:00  [INF]  Executing action method SorteoEstacionamientos.Server.CapaDataAccess.Controllers.MduloCatlogos.ColoresController.GetAllDataByStatus (SorteoEstacionamientos.Server) - Validation state: "Valid"
12/04/2024 16:52:16.461 -06:00  [VRB]  Executing action method SorteoEstacionamientos.Server.CapaDataAccess.Controllers.MduloCatlogos.ColoresController.GetAllDataByStatus (SorteoEstacionamientos.Server) with arguments (["0"])
12/04/2024 16:52:17.553 -06:00  [VRB]  Connection id "0HN2R8BM72JE5" received "HEADERS" frame for stream ID 23 with length 144 and flags "END_STREAM, END_HEADERS, PRIORITY".
12/04/2024 16:52:17.553 -06:00  [INF]  Request starting HTTP/2 GET https://localhost:7173/service-worker.js - null null
12/04/2024 16:52:17.556 -06:00  [VRB]  All hosts are allowed.
12/04/2024 16:52:17.557 -06:00  [DBG]  The request path  does not match the path filter
12/04/2024 16:52:17.559 -06:00  [VRB]  Range header's value is empty.
12/04/2024 16:52:17.559 -06:00  [INF]  The file /service-worker.js was not modified
12/04/2024 16:52:17.573 -06:00  [DBG]  Handled. Status code: 304 File: /service-worker.js
12/04/2024 16:52:17.576 -06:00  [INF]  HTTP GET /service-worker.js responded 304 in 17.8959 ms
12/04/2024 16:52:17.579 -06:00  [VRB]  Connection id "0HN2R8BM72JE5" sending "HEADERS" frame for stream ID 23 with length 85 and flags "END_STREAM, END_HEADERS".
12/04/2024 16:52:17.579 -06:00  [INF]  Request finished HTTP/2 GET https://localhost:7173/service-worker.js - 304 null text/javascript 25.1761ms
12/04/2024 16:52:18.107 -06:00  [DBG]  Entity Framework Core 8.0.3 initialized 'DBSorteoParkingContext' using provider 'Pomelo.EntityFrameworkCore.MySql:8.0.2' with options: ServerVersion=8.0.22-mysql 
12/04/2024 16:52:18.142 -06:00  [DBG]  Compiling query expression: 
'DbSet<McCatColore>()'
12/04/2024 16:52:18.517 -06:00  [DBG]  Generated query execution expression: 
'queryContext => new SingleQueryingEnumerable<McCatColore>(
    (RelationalQueryContext)queryContext, 
    RelationalCommandCache.QueryExpression(
        Projection Mapping:
            EmptyProjectionMember -> Dictionary<IProperty, int> { [Property: McCatColore.IdColor (int) Required PK AfterSave:Throw ValueGenerated.OnAdd, 0], [Property: McCatColore.ColorNombre (string) Required MaxLength(50), 1] }
        SELECT m.IdColor, m.colorNombre
        FROM MC_catColores AS m), 
    null, 
    Func<QueryContext, DbDataReader, ResultContext, SingleQueryResultCoordinator, McCatColore>, 
    SorteoEstacionamientos.Server.CapaDataAccess.DBContext.DBSorteoParkingContext, 
    False, 
    False, 
    True
)'
12/04/2024 16:52:18.610 -06:00  [DBG]  Creating DbConnection.
12/04/2024 16:52:18.626 -06:00  [DBG]  Created DbConnection. (12ms).
12/04/2024 16:52:18.646 -06:00  [DBG]  Opening connection to database 'db_SorteoEstacionamientos' on server '148.204.211.186'.
12/04/2024 16:52:18.763 -06:00  [ERR]  An error occurred using the connection to database 'db_SorteoEstacionamientos' on server '148.204.211.186'.
12/04/2024 16:52:18.841 -06:00  [ERR]  An exception occurred while iterating over the results of a query for context type 'SorteoEstacionamientos.Server.CapaDataAccess.DBContext.DBSorteoParkingContext'.
System.InvalidOperationException: An exception has been raised that is likely due to a transient failure. Consider enabling transient error resiliency by adding 'EnableRetryOnFailure()' to the 'UseMySql' call.
 ---> MySqlConnector.MySqlException (0x80004005): Unable to connect to any of the specified MySQL hosts.
   at MySqlConnector.Core.ServerSession.OpenTcpSocketAsync(ConnectionSettings cs, ILoadBalancer loadBalancer, Activity activity, IOBehavior ioBehavior, CancellationToken cancellationToken) in /_/src/MySqlConnector/Core/ServerSession.cs:line 1063
   at MySqlConnector.Core.ServerSession.ConnectAsync(ConnectionSettings cs, MySqlConnection connection, Int64 startingTimestamp, ILoadBalancer loadBalancer, Activity activity, IOBehavior ioBehavior, CancellationToken cancellationToken) in /_/src/MySqlConnector/Core/ServerSession.cs:line 425
   at MySqlConnector.Core.ConnectionPool.ConnectSessionAsync(MySqlConnection connection, Action`4 logMessage, Int64 startingTimestamp, Activity activity, IOBehavior ioBehavior, CancellationToken cancellationToken) in /_/src/MySqlConnector/Core/ConnectionPool.cs:line 428
   at MySqlConnector.Core.ConnectionPool.ConnectSessionAsync(MySqlConnection connection, Action`4 logMessage, Int64 startingTimestamp, Activity activity, IOBehavior ioBehavior, CancellationToken cancellationToken) in /_/src/MySqlConnector/Core/ConnectionPool.cs:line 433
   at MySqlConnector.Core.ConnectionPool.GetSessionAsync(MySqlConnection connection, Int64 startingTimestamp, Int32 timeoutMilliseconds, Activity activity, IOBehavior ioBehavior, CancellationToken cancellationToken) in /_/src/MySqlConnector/Core/ConnectionPool.cs:line 111
   at MySqlConnector.Core.ConnectionPool.GetSessionAsync(MySqlConnection connection, Int64 startingTimestamp, Int32 timeoutMilliseconds, Activity activity, IOBehavior ioBehavior, CancellationToken cancellationToken) in /_/src/MySqlConnector/Core/ConnectionPool.cs:line 144
   at MySqlConnector.MySqlConnection.CreateSessionAsync(ConnectionPool pool, Int64 startingTimestamp, Activity activity, Nullable`1 ioBehavior, CancellationToken cancellationToken) in /_/src/MySqlConnector/MySqlConnection.cs:line 919
   at MySqlConnector.MySqlConnection.OpenAsync(Nullable`1 ioBehavior, CancellationToken cancellationToken) in /_/src/MySqlConnector/MySqlConnection.cs:line 419
   at Microsoft.EntityFrameworkCore.Storage.RelationalConnection.OpenInternalAsync(Boolean errorsExpected, CancellationToken cancellationToken)
   at Microsoft.EntityFrameworkCore.Storage.RelationalConnection.OpenInternalAsync(Boolean errorsExpected, CancellationToken cancellationToken)
   at Microsoft.EntityFrameworkCore.Storage.RelationalConnection.OpenAsync(CancellationToken cancellationToken, Boolean errorsExpected)
   at Pomelo.EntityFrameworkCore.MySql.Storage.Internal.MySqlRelationalConnection.OpenAsync(CancellationToken cancellationToken, Boolean errorsExpected)
   at Microsoft.EntityFrameworkCore.Storage.RelationalCommand.ExecuteReaderAsync(RelationalCommandParameterObject parameterObject, CancellationToken cancellationToken)
   at Microsoft.EntityFrameworkCore.Query.Internal.SingleQueryingEnumerable`1.AsyncEnumerator.InitializeReaderAsync(AsyncEnumerator enumerator, CancellationToken cancellationToken)
   at Pomelo.EntityFrameworkCore.MySql.Storage.Internal.MySqlExecutionStrategy.ExecuteAsync[TState,TResult](TState state, Func`4 operation, Func`4 verifySucceeded, CancellationToken cancellationToken)
   --- End of inner exception stack trace ---
   at Pomelo.EntityFrameworkCore.MySql.Storage.Internal.MySqlExecutionStrategy.ExecuteAsync[TState,TResult](TState state, Func`4 operation, Func`4 verifySucceeded, CancellationToken cancellationToken)
   at Microsoft.EntityFrameworkCore.Query.Internal.SingleQueryingEnumerable`1.AsyncEnumerator.MoveNextAsync()
System.InvalidOperationException: An exception has been raised that is likely due to a transient failure. Consider enabling transient error resiliency by adding 'EnableRetryOnFailure()' to the 'UseMySql' call.
 ---> MySqlConnector.MySqlException (0x80004005): Unable to connect to any of the specified MySQL hosts.
   at MySqlConnector.Core.ServerSession.OpenTcpSocketAsync(ConnectionSettings cs, ILoadBalancer loadBalancer, Activity activity, IOBehavior ioBehavior, CancellationToken cancellationToken) in /_/src/MySqlConnector/Core/ServerSession.cs:line 1063
   at MySqlConnector.Core.ServerSession.ConnectAsync(ConnectionSettings cs, MySqlConnection connection, Int64 startingTimestamp, ILoadBalancer loadBalancer, Activity activity, IOBehavior ioBehavior, CancellationToken cancellationToken) in /_/src/MySqlConnector/Core/ServerSession.cs:line 425
   at MySqlConnector.Core.ConnectionPool.ConnectSessionAsync(MySqlConnection connection, Action`4 logMessage, Int64 startingTimestamp, Activity activity, IOBehavior ioBehavior, CancellationToken cancellationToken) in /_/src/MySqlConnector/Core/ConnectionPool.cs:line 428
   at MySqlConnector.Core.ConnectionPool.ConnectSessionAsync(MySqlConnection connection, Action`4 logMessage, Int64 startingTimestamp, Activity activity, IOBehavior ioBehavior, CancellationToken cancellationToken) in /_/src/MySqlConnector/Core/ConnectionPool.cs:line 433
   at MySqlConnector.Core.ConnectionPool.GetSessionAsync(MySqlConnection connection, Int64 startingTimestamp, Int32 timeoutMilliseconds, Activity activity, IOBehavior ioBehavior, CancellationToken cancellationToken) in /_/src/MySqlConnector/Core/ConnectionPool.cs:line 111
   at MySqlConnector.Core.ConnectionPool.GetSessionAsync(MySqlConnection connection, Int64 startingTimestamp, Int32 timeoutMilliseconds, Activity activity, IOBehavior ioBehavior, CancellationToken cancellationToken) in /_/src/MySqlConnector/Core/ConnectionPool.cs:line 144
   at MySqlConnector.MySqlConnection.CreateSessionAsync(ConnectionPool pool, Int64 startingTimestamp, Activity activity, Nullable`1 ioBehavior, CancellationToken cancellationToken) in /_/src/MySqlConnector/MySqlConnection.cs:line 919
   at MySqlConnector.MySqlConnection.OpenAsync(Nullable`1 ioBehavior, CancellationToken cancellationToken) in /_/src/MySqlConnector/MySqlConnection.cs:line 419
   at Microsoft.EntityFrameworkCore.Storage.RelationalConnection.OpenInternalAsync(Boolean errorsExpected, CancellationToken cancellationToken)
   at Microsoft.EntityFrameworkCore.Storage.RelationalConnection.OpenInternalAsync(Boolean errorsExpected, CancellationToken cancellationToken)
   at Microsoft.EntityFrameworkCore.Storage.RelationalConnection.OpenAsync(CancellationToken cancellationToken, Boolean errorsExpected)
   at Pomelo.EntityFrameworkCore.MySql.Storage.Internal.MySqlRelationalConnection.OpenAsync(CancellationToken cancellationToken, Boolean errorsExpected)
   at Microsoft.EntityFrameworkCore.Storage.RelationalCommand.ExecuteReaderAsync(RelationalCommandParameterObject parameterObject, CancellationToken cancellationToken)
   at Microsoft.EntityFrameworkCore.Query.Internal.SingleQueryingEnumerable`1.AsyncEnumerator.InitializeReaderAsync(AsyncEnumerator enumerator, CancellationToken cancellationToken)
   at Pomelo.EntityFrameworkCore.MySql.Storage.Internal.MySqlExecutionStrategy.ExecuteAsync[TState,TResult](TState state, Func`4 operation, Func`4 verifySucceeded, CancellationToken cancellationToken)
   --- End of inner exception stack trace ---
   at Pomelo.EntityFrameworkCore.MySql.Storage.Internal.MySqlExecutionStrategy.ExecuteAsync[TState,TResult](TState state, Func`4 operation, Func`4 verifySucceeded, CancellationToken cancellationToken)
   at Microsoft.EntityFrameworkCore.Query.Internal.SingleQueryingEnumerable`1.AsyncEnumerator.MoveNextAsync()
12/04/2024 16:52:19.180 -06:00  [INF]  Executed action method SorteoEstacionamientos.Server.CapaDataAccess.Controllers.MduloCatlogos.ColoresController.GetAllDataByStatus (SorteoEstacionamientos.Server), returned result Microsoft.AspNetCore.Mvc.OkObjectResult in 2713.2358ms.
12/04/2024 16:52:19.184 -06:00  [VRB]  Action Filter: Before executing OnActionExecuted on filter Microsoft.AspNetCore.Mvc.Infrastructure.ModelStateInvalidFilter.
12/04/2024 16:52:19.184 -06:00  [VRB]  Action Filter: After executing OnActionExecuted on filter Microsoft.AspNetCore.Mvc.Infrastructure.ModelStateInvalidFilter.
12/04/2024 16:52:19.185 -06:00  [VRB]  Action Filter: Before executing OnActionExecuted on filter Microsoft.AspNetCore.Mvc.ModelBinding.UnsupportedContentTypeFilter.
12/04/2024 16:52:19.185 -06:00  [VRB]  Action Filter: After executing OnActionExecuted on filter Microsoft.AspNetCore.Mvc.ModelBinding.UnsupportedContentTypeFilter.
12/04/2024 16:52:19.187 -06:00  [VRB]  Result Filter: Before executing OnResultExecuting on filter Microsoft.AspNetCore.Mvc.ViewFeatures.Filters.SaveTempDataFilter.
12/04/2024 16:52:19.187 -06:00  [VRB]  Result Filter: After executing OnResultExecuting on filter Microsoft.AspNetCore.Mvc.ViewFeatures.Filters.SaveTempDataFilter.
12/04/2024 16:52:19.187 -06:00  [VRB]  Result Filter: Before executing OnResultExecuting on filter Microsoft.AspNetCore.Mvc.Infrastructure.ClientErrorResultFilter.
12/04/2024 16:52:19.187 -06:00  [VRB]  Result Filter: After executing OnResultExecuting on filter Microsoft.AspNetCore.Mvc.Infrastructure.ClientErrorResultFilter.
12/04/2024 16:52:19.189 -06:00  [VRB]  Before executing action result Microsoft.AspNetCore.Mvc.OkObjectResult.
12/04/2024 16:52:19.192 -06:00  [DBG]  List of registered output formatters, in the following order: ["Microsoft.AspNetCore.Mvc.Formatters.HttpNoContentOutputFormatter","Microsoft.AspNetCore.Mvc.Formatters.StringOutputFormatter","Microsoft.AspNetCore.Mvc.Formatters.StreamOutputFormatter","Microsoft.AspNetCore.Mvc.Formatters.SystemTextJsonOutputFormatter"]
12/04/2024 16:52:19.200 -06:00  [DBG]  No information found on request to perform content negotiation.
12/04/2024 16:52:19.202 -06:00  [DBG]  Attempting to select an output formatter without using a content type as no explicit content types were specified for the response.
12/04/2024 16:52:19.203 -06:00  [DBG]  Attempting to select the first formatter in the output formatters list which can write the result.
12/04/2024 16:52:19.207 -06:00  [DBG]  Selected output formatter 'Microsoft.AspNetCore.Mvc.Formatters.SystemTextJsonOutputFormatter' and content type 'application/json' to write the response.
12/04/2024 16:52:19.211 -06:00  [INF]  Executing OkObjectResult, writing value of type 'SorteoEstacionamientos.Shared.CapaEntities.Response.Response`1[[System.Collections.Generic.List`1[[SorteoEstacionamientos.Server.CapaDataAccess.DBContext.McCatColore, SorteoEstacionamientos.Server, Version=1.0.0.0, Culture=neutral, PublicKeyToken=null]], System.Private.CoreLib, Version=8.0.0.0, Culture=neutral, PublicKeyToken=7cec85d7bea7798e]]'.
12/04/2024 16:52:19.259 -06:00  [VRB]  Connection id "0HN2R8BM72JE5" sending "HEADERS" frame for stream ID 21 with length 66 and flags "END_HEADERS".
12/04/2024 16:52:19.259 -06:00  [VRB]  Connection id "0HN2R8BM72JE5" sending "DATA" frame for stream ID 21 with length 213 and flags "NONE".
12/04/2024 16:52:19.259 -06:00  [VRB]  After executing action result Microsoft.AspNetCore.Mvc.OkObjectResult.
12/04/2024 16:52:19.260 -06:00  [VRB]  Result Filter: Before executing OnResultExecuted on filter Microsoft.AspNetCore.Mvc.Infrastructure.ClientErrorResultFilter.
12/04/2024 16:52:19.260 -06:00  [VRB]  Result Filter: After executing OnResultExecuted on filter Microsoft.AspNetCore.Mvc.Infrastructure.ClientErrorResultFilter.
12/04/2024 16:52:19.260 -06:00  [VRB]  Result Filter: Before executing OnResultExecuted on filter Microsoft.AspNetCore.Mvc.ViewFeatures.Filters.SaveTempDataFilter.
12/04/2024 16:52:19.260 -06:00  [VRB]  Result Filter: After executing OnResultExecuted on filter Microsoft.AspNetCore.Mvc.ViewFeatures.Filters.SaveTempDataFilter.
12/04/2024 16:52:19.261 -06:00  [VRB]  Resource Filter: Before executing OnResourceExecuted on filter Microsoft.AspNetCore.Mvc.ViewFeatures.Filters.SaveTempDataFilter.
12/04/2024 16:52:19.262 -06:00  [VRB]  Resource Filter: After executing OnResourceExecuted on filter Microsoft.AspNetCore.Mvc.ViewFeatures.Filters.SaveTempDataFilter.
12/04/2024 16:52:19.268 -06:00  [INF]  Executed action SorteoEstacionamientos.Server.CapaDataAccess.Controllers.MduloCatlogos.ColoresController.GetAllDataByStatus (SorteoEstacionamientos.Server) in 3298.5842ms
12/04/2024 16:52:19.270 -06:00  [INF]  Executed endpoint 'SorteoEstacionamientos.Server.CapaDataAccess.Controllers.MduloCatlogos.ColoresController.GetAllDataByStatus (SorteoEstacionamientos.Server)'
12/04/2024 16:52:19.272 -06:00  [INF]  HTTP GET /api/Colores/filterByStatus/0 responded 200 in 3406.5217 ms
12/04/2024 16:52:19.274 -06:00  [VRB]  Connection id "0HN2R8BM72JE5" sending "DATA" frame for stream ID 21 with length 0 and flags "END_STREAM".
12/04/2024 16:52:19.278 -06:00  [DBG]  'DBSorteoParkingContext' disposed.
12/04/2024 16:52:19.285 -06:00  [DBG]  Disposing connection to database 'db_SorteoEstacionamientos' on server '148.204.211.186'.
12/04/2024 16:52:19.293 -06:00  [DBG]  Disposed connection to database 'db_SorteoEstacionamientos' on server '148.204.211.186' (3ms).
12/04/2024 16:52:19.295 -06:00  [INF]  Request finished HTTP/2 GET https://localhost:7173/api/Colores/filterByStatus/0 - 200 null application/json; charset=utf-8 3434.9367ms
12/04/2024 16:52:23.585 -06:00  [DBG]  Connection id "0HN2R8BM72JE5" received FIN.
12/04/2024 16:52:23.589 -06:00  [DBG]  Connection id "0HN2R8BM72JE5" is closed. The last processed stream ID was 23.
12/04/2024 16:52:23.590 -06:00  [DBG]  The connection queue processing loop for 0HN2R8BM72JE5 completed.
12/04/2024 16:52:23.594 -06:00  [DBG]  Connection id "0HN2R8BM72JE5" sending FIN because: "The Socket transport's send loop completed gracefully."
12/04/2024 16:52:23.612 -06:00  [DBG]  Connection id "0HN2R8BM72JE5" stopped.
